2026-05-29 11:26:32,789 [INFO] TCP server listening on 0.0.0.0:5001
2026-05-29 11:26:32,790 [INFO] R-UDP server listening on 0.0.0.0:5002
2026-05-29 11:26:32,791 [INFO] Servers running. Ctrl+C to stop.
2026-05-29 11:34:14,649 [INFO] [TCP] Connection from ('172.20.0.20', 56924)
2026-05-29 11:34:14,649 [INFO] [TCP] Auth: 20261005083:Luiz Nelson dos Santos Lima | File: testfile.bin | Size: 10485760
2026-05-29 11:34:14,792 [INFO] [TCP] Done: {'protocol': 'TCP', 'bytes_received': 10485760, 'elapsed_sec': 0.1424, 'throughput_mbps': 588.9617, 'auth': '20261005083:Luiz Nelson dos Santos Lima'}
2026-05-29 11:34:20,474 [INFO] [R-UDP] Transfer from ('172.20.0.20', 53923) | Auth: 20261005083:Luiz Nelson dos Santos Lima | Size: 10485760
2026-05-29 11:39:27,160 [WARNING] [R-UDP] Receiver timeout — assuming FIN lost
2026-05-29 11:39:27,161 [INFO] [R-UDP] Done: {'protocol': 'R-UDP', 'bytes_received': 0, 'elapsed_sec': 316.3463, 'throughput_mbps': 0.0, 'corrupt_packets': 0, 'auth': '20261005083:Luiz Nelson dos Santos Lima'}
2026-05-29 12:09:05,901 [ERROR] [R-UDP] Loop error: timed out
2026-05-29 12:09:08,908 [ERROR] [R-UDP] Loop error: timed out
2026-05-29 12:09:11,914 [ERROR] [R-UDP] Loop error: timed out
2026-05-29 12:09:14,918 [ERROR] [R-UDP] Loop error: timed out
2026-05-29 12:09:17,620 [ERROR] [R-UDP] Loop error: timed out
2026-05-29 12:09:20,624 [ERROR] [R-UDP] Loop error: timed out
2026-05-29 12:09:23,627 [ERROR] [R-UDP] Loop error: timed out
2026-05-29 12:09:26,632 [ERROR] [R-UDP] Loop error: timed out
2026-05-29 12:09:29,639 [ERROR] [R-UDP] Loop error: timed out
2026-05-29 12:09:32,654 [ERROR] [R-UDP] Loop error: timed out
2026-05-29 12:09:46,740 [INFO] TCP server listening on 0.0.0.0:5001
2026-05-29 12:09:46,742 [INFO] R-UDP server listening on 0.0.0.0:5002
2026-05-29 12:09:46,743 [INFO] Servers running. Ctrl+C to stop.
2026-05-29 12:10:38,924 [INFO] [TCP] Connection from ('172.20.0.20', 47532)
2026-05-29 12:10:38,924 [INFO] [TCP] Auth: 20261005083:Luiz Nelson dos Santos Lima | File: testfile.bin | Size: 10485760
2026-05-29 12:10:39,061 [INFO] [TCP] Done: {'protocol': 'TCP', 'bytes_received': 10485760, 'elapsed_sec': 0.1356, 'throughput_mbps': 618.6135, 'auth': '20261005083:Luiz Nelson dos Santos Lima'}
2026-05-29 12:10:44,742 [INFO] [R-UDP] Transfer from ('172.20.0.20', 49092) | Auth: 20261005083:Luiz Nelson dos Santos Lima | Size: 10485760
2026-05-29 12:10:51,551 [INFO] [R-UDP] FIN received (seq=10241)
2026-05-29 12:10:51,552 [INFO] [R-UDP] Done: {'protocol': 'R-UDP', 'bytes_received': 0, 'elapsed_sec': 7.0957, 'throughput_mbps': 0.0, 'corrupt_packets': 0, 'auth': '20261005083:Luiz Nelson dos Santos Lima'}
2026-05-29 12:10:54,755 [ERROR] [R-UDP] Loop error: timed out
2026-05-29 12:10:57,760 [ERROR] [R-UDP] Loop error: timed out
2026-05-29 12:11:00,784 [ERROR] [R-UDP] Loop error: timed out
2026-05-29 12:11:02,396 [INFO] [TCP] Connection from ('172.20.0.20', 37920)
2026-05-29 12:11:02,396 [INFO] [TCP] Auth: 20261005083:Luiz Nelson dos Santos Lima | File: testfile.bin | Size: 10485760
2026-05-29 12:11:02,534 [INFO] [TCP] Done: {'protocol': 'TCP', 'bytes_received': 10485760, 'elapsed_sec': 0.1368, 'throughput_mbps': 613.3807, 'auth': '20261005083:Luiz Nelson dos Santos Lima'}
2026-05-29 12:11:03,791 [ERROR] [R-UDP] Loop error: timed out
2026-05-29 12:11:06,799 [ERROR] [R-UDP] Loop error: timed out
2026-05-29 12:11:08,032 [INFO] [R-UDP] Transfer from ('172.20.0.20', 56720) | Auth: 20261005083:Luiz Nelson dos Santos Lima | Size: 10485760
2026-05-29 12:11:15,065 [INFO] [R-UDP] FIN received (seq=10241)
2026-05-29 12:11:15,065 [INFO] [R-UDP] Done: {'protocol': 'R-UDP', 'bytes_received': 0, 'elapsed_sec': 7.0328, 'throughput_mbps': 0.0, 'corrupt_packets': 0, 'auth': '20261005083:Luiz Nelson dos Santos Lima'}
2026-05-29 12:11:17,987 [ERROR] [R-UDP] Loop error: timed out
2026-05-29 12:11:20,990 [ERROR] [R-UDP] Loop error: timed out
2026-05-29 12:11:23,995 [ERROR] [R-UDP] Loop error: timed out
2026-05-29 12:11:25,818 [INFO] [TCP] Connection from ('172.20.0.20', 36854)
2026-05-29 12:11:25,820 [INFO] [TCP] Auth: 20261005083:Luiz Nelson dos Santos Lima | File: testfile.bin | Size: 10485760
2026-05-29 12:11:25,992 [INFO] [TCP] Done: {'protocol': 'TCP', 'bytes_received': 10485760, 'elapsed_sec': 0.1709, 'throughput_mbps': 490.9124, 'auth': '20261005083:Luiz Nelson dos Santos Lima'}
2026-05-29 12:11:27,000 [ERROR] [R-UDP] Loop error: timed out
2026-05-29 12:11:30,007 [ERROR] [R-UDP] Loop error: timed out
2026-05-29 12:11:32,292 [INFO] [R-UDP] Transfer from ('172.20.0.20', 48652) | Auth: 20261005083:Luiz Nelson dos Santos Lima | Size: 10485760
2026-05-29 12:11:39,496 [INFO] [R-UDP] FIN received (seq=10241)
2026-05-29 12:11:39,496 [INFO] [R-UDP] Done: {'protocol': 'R-UDP', 'bytes_received': 0, 'elapsed_sec': 7.2028, 'throughput_mbps': 0.0, 'corrupt_packets': 0, 'auth': '20261005083:Luiz Nelson dos Santos Lima'}
2026-05-29 12:11:42,712 [ERROR] [R-UDP] Loop error: timed out
2026-05-29 12:11:45,718 [ERROR] [R-UDP] Loop error: timed out
2026-05-29 12:11:48,471 [ERROR] [R-UDP] Loop error: timed out
2026-05-29 12:11:51,180 [INFO] [TCP] Connection from ('172.20.0.20', 44418)
2026-05-29 12:11:51,181 [INFO] [TCP] Auth: 20261005083:Luiz Nelson dos Santos Lima | File: testfile.bin | Size: 10485760
2026-05-29 12:11:51,309 [INFO] [TCP] Done: {'protocol': 'TCP', 'bytes_received': 10485760, 'elapsed_sec': 0.1273, 'throughput_mbps': 659.162, 'auth': '20261005083:Luiz Nelson dos Santos Lima'}
2026-05-29 12:11:51,475 [ERROR] [R-UDP] Loop error: timed out
2026-05-29 12:11:54,483 [ERROR] [R-UDP] Loop error: timed out
2026-05-29 12:11:57,236 [INFO] [R-UDP] Transfer from ('172.20.0.20', 48916) | Auth: 20261005083:Luiz Nelson dos Santos Lima | Size: 10485760
2026-05-29 12:12:04,425 [INFO] [R-UDP] FIN received (seq=10241)
2026-05-29 12:12:04,426 [INFO] [R-UDP] Done: {'protocol': 'R-UDP', 'bytes_received': 0, 'elapsed_sec': 7.1893, 'throughput_mbps': 0.0, 'corrupt_packets': 0, 'auth': '20261005083:Luiz Nelson dos Santos Lima'}
2026-05-29 12:12:07,644 [ERROR] [R-UDP] Loop error: timed out
2026-05-29 12:12:10,657 [ERROR] [R-UDP] Loop error: timed out
2026-05-29 12:12:13,661 [ERROR] [R-UDP] Loop error: timed out
2026-05-29 12:12:16,354 [INFO] [TCP] Connection from ('172.20.0.20', 51570)
2026-05-29 12:12:16,355 [INFO] [TCP] Auth: 20261005083:Luiz Nelson dos Santos Lima | File: testfile.bin | Size: 10485760
2026-05-29 12:12:16,435 [ERROR] [R-UDP] Loop error: timed out
2026-05-29 12:12:16,491 [INFO] [TCP] Done: {'protocol': 'TCP', 'bytes_received': 10485760, 'elapsed_sec': 0.1351, 'throughput_mbps': 621.1398, 'auth': '20261005083:Luiz Nelson dos Santos Lima'}
2026-05-29 12:12:19,438 [ERROR] [R-UDP] Loop error: timed out
2026-05-29 12:12:21,944 [INFO] [R-UDP] Transfer from ('172.20.0.20', 48461) | Auth: 20261005083:Luiz Nelson dos Santos Lima | Size: 10485760
2026-05-29 12:12:29,300 [INFO] [R-UDP] FIN received (seq=10241)
2026-05-29 12:12:29,301 [INFO] [R-UDP] Done: {'protocol': 'R-UDP', 'bytes_received': 0, 'elapsed_sec': 7.356, 'throughput_mbps': 0.0, 'corrupt_packets': 0, 'auth': '20261005083:Luiz Nelson dos Santos Lima'}
2026-05-29 12:12:32,523 [ERROR] [R-UDP] Loop error: timed out
2026-05-29 12:12:35,528 [ERROR] [R-UDP] Loop error: timed out
2026-05-29 12:12:38,532 [ERROR] [R-UDP] Loop error: timed out
2026-05-29 12:12:41,534 [ERROR] [R-UDP] Loop error: timed out
2026-05-29 12:12:43,358 [INFO] [TCP] Connection from ('172.20.0.20', 41684)
2026-05-29 12:12:43,359 [INFO] [TCP] Auth: 20261005083:Luiz Nelson dos Santos Lima | File: testfile.bin | Size: 10485760
2026-05-29 12:12:44,556 [ERROR] [R-UDP] Loop error: timed out
2026-05-29 12:12:47,289 [ERROR] [R-UDP] Loop error: timed out
2026-05-29 12:12:50,292 [ERROR] [R-UDP] Loop error: timed out
2026-05-29 12:12:53,297 [ERROR] [R-UDP] Loop error: timed out
2026-05-29 12:12:56,303 [ERROR] [R-UDP] Loop error: timed out
2026-05-29 12:12:59,308 [ERROR] [R-UDP] Loop error: timed out
2026-05-29 12:13:02,312 [ERROR] [R-UDP] Loop error: timed out
2026-05-29 12:13:05,319 [ERROR] [R-UDP] Loop error: timed out
2026-05-29 12:13:08,326 [ERROR] [R-UDP] Loop error: timed out
2026-05-29 12:13:11,332 [ERROR] [R-UDP] Loop error: timed out
2026-05-29 12:13:14,343 [ERROR] [R-UDP] Loop error: timed out
2026-05-29 12:13:17,080 [ERROR] [R-UDP] Loop error: timed out
2026-05-29 12:13:20,083 [ERROR] [R-UDP] Loop error: timed out
2026-05-29 12:13:23,087 [ERROR] [R-UDP] Loop error: timed out
2026-05-29 12:13:26,092 [ERROR] [R-UDP] Loop error: timed out
2026-05-29 12:13:29,096 [ERROR] [R-UDP] Loop error: timed out
2026-05-29 12:13:32,102 [ERROR] [R-UDP] Loop error: timed out
2026-05-29 12:13:35,110 [ERROR] [R-UDP] Loop error: timed out
2026-05-29 12:13:38,119 [ERROR] [R-UDP] Loop error: timed out
2026-05-29 12:13:41,125 [ERROR] [R-UDP] Loop error: timed out
2026-05-29 12:13:44,132 [ERROR] [R-UDP] Loop error: timed out
2026-05-29 12:13:46,879 [ERROR] [R-UDP] Loop error: timed out
2026-05-29 12:13:49,882 [ERROR] [R-UDP] Loop error: timed out
2026-05-29 12:13:52,888 [ERROR] [R-UDP] Loop error: timed out
2026-05-29 12:13:55,892 [ERROR] [R-UDP] Loop error: timed out
2026-05-29 12:13:58,898 [ERROR] [R-UDP] Loop error: timed out
2026-05-29 12:14:01,904 [ERROR] [R-UDP] Loop error: timed out
2026-05-29 12:14:04,911 [ERROR] [R-UDP] Loop error: timed out
2026-05-29 12:14:07,915 [ERROR] [R-UDP] Loop error: timed out
2026-05-29 12:14:10,920 [ERROR] [R-UDP] Loop error: timed out
2026-05-29 12:14:13,930 [ERROR] [R-UDP] Loop error: timed out
2026-05-29 12:14:16,661 [ERROR] [R-UDP] Loop error: timed out
2026-05-29 12:14:19,665 [ERROR] [R-UDP] Loop error: timed out
2026-05-29 12:14:22,670 [ERROR] [R-UDP] Loop error: timed out
2026-05-29 12:14:25,675 [ERROR] [R-UDP] Loop error: timed out
2026-05-29 12:14:28,680 [ERROR] [R-UDP] Loop error: timed out
2026-05-29 12:14:31,686 [ERROR] [R-UDP] Loop error: timed out
2026-05-29 12:14:34,690 [ERROR] [R-UDP] Loop error: timed out
2026-05-29 12:14:37,700 [ERROR] [R-UDP] Loop error: timed out
2026-05-29 12:14:40,715 [ERROR] [R-UDP] Loop error: timed out
2026-05-29 12:14:43,725 [ERROR] [R-UDP] Loop error: timed out
2026-05-29 12:14:46,454 [ERROR] [R-UDP] Loop error: timed out
2026-05-29 12:14:48,182 [INFO] [TCP] Done: {'protocol': 'TCP', 'bytes_received': 10485760, 'elapsed_sec': 126.1604, 'throughput_mbps': 0.6649, 'auth': '20261005083:Luiz Nelson dos Santos Lima'}
2026-05-29 12:14:49,459 [ERROR] [R-UDP] Loop error: timed out
2026-05-29 12:14:52,465 [ERROR] [R-UDP] Loop error: timed out
2026-05-29 12:14:55,471 [ERROR] [R-UDP] Loop error: timed out
2026-05-29 12:14:58,476 [ERROR] [R-UDP] Loop error: timed out
2026-05-29 12:14:58,782 [INFO] [R-UDP] Transfer from ('172.20.0.20', 44798) | Auth: 20261005083:Luiz Nelson dos Santos Lima | Size: 10485760
2026-05-29 12:19:41,569 [INFO] [R-UDP] FIN received (seq=10241)
2026-05-29 12:19:41,573 [INFO] [R-UDP] Done: {'protocol': 'R-UDP', 'bytes_received': 0, 'elapsed_sec': 284.9583, 'throughput_mbps': 0.0, 'corrupt_packets': 0, 'auth': '20261005083:Luiz Nelson dos Santos Lima'}
2026-05-29 12:19:44,546 [ERROR] [R-UDP] Loop error: timed out
2026-05-29 12:19:47,550 [ERROR] [R-UDP] Loop error: timed out
2026-05-29 12:19:50,556 [ERROR] [R-UDP] Loop error: timed out
2026-05-29 12:19:53,562 [ERROR] [R-UDP] Loop error: timed out
2026-05-29 12:19:53,687 [INFO] [TCP] Connection from ('172.20.0.20', 33270)
2026-05-29 12:19:53,687 [INFO] [TCP] Auth: 20261005083:Luiz Nelson dos Santos Lima | File: testfile.bin | Size: 10485760
2026-05-29 12:19:56,578 [ERROR] [R-UDP] Loop error: timed out
2026-05-29 12:19:59,587 [ERROR] [R-UDP] Loop error: timed out
2026-05-29 12:20:02,596 [ERROR] [R-UDP] Loop error: timed out
2026-05-29 12:20:05,605 [ERROR] [R-UDP] Loop error: timed out
2026-05-29 12:20:08,614 [ERROR] [R-UDP] Loop error: timed out
2026-05-29 12:20:11,619 [ERROR] [R-UDP] Loop error: timed out
2026-05-29 12:20:14,416 [ERROR] [R-UDP] Loop error: timed out
2026-05-29 12:20:17,420 [ERROR] [R-UDP] Loop error: timed out
2026-05-29 12:20:20,425 [ERROR] [R-UDP] Loop error: timed out
2026-05-29 12:20:23,431 [ERROR] [R-UDP] Loop error: timed out
2026-05-29 12:20:26,438 [ERROR] [R-UDP] Loop error: timed out
2026-05-29 12:20:29,443 [ERROR] [R-UDP] Loop error: timed out
2026-05-29 12:20:32,447 [ERROR] [R-UDP] Loop error: timed out
2026-05-29 12:20:35,451 [ERROR] [R-UDP] Loop error: timed out
2026-05-29 12:20:38,456 [ERROR] [R-UDP] Loop error: timed out
2026-05-29 12:20:41,462 [ERROR] [R-UDP] Loop error: timed out
2026-05-29 12:20:44,234 [ERROR] [R-UDP] Loop error: timed out
2026-05-29 12:20:47,238 [ERROR] [R-UDP] Loop error: timed out
2026-05-29 12:20:50,243 [ERROR] [R-UDP] Loop error: timed out
2026-05-29 12:20:53,251 [ERROR] [R-UDP] Loop error: timed out
2026-05-29 12:20:56,257 [ERROR] [R-UDP] Loop error: timed out
2026-05-29 12:20:59,275 [ERROR] [R-UDP] Loop error: timed out
2026-05-29 12:21:02,280 [ERROR] [R-UDP] Loop error: timed out
2026-05-29 12:21:05,285 [ERROR] [R-UDP] Loop error: timed out
2026-05-29 12:21:08,299 [ERROR] [R-UDP] Loop error: timed out
2026-05-29 12:21:11,310 [ERROR] [R-UDP] Loop error: timed out
2026-05-29 12:21:14,094 [ERROR] [R-UDP] Loop error: timed out
2026-05-29 12:21:17,097 [ERROR] [R-UDP] Loop error: timed out
2026-05-29 12:21:20,103 [ERROR] [R-UDP] Loop error: timed out
2026-05-29 12:21:23,112 [ERROR] [R-UDP] Loop error: timed out
2026-05-29 12:21:26,123 [ERROR] [R-UDP] Loop error: timed out
2026-05-29 12:21:29,132 [ERROR] [R-UDP] Loop error: timed out
2026-05-29 12:21:32,139 [ERROR] [R-UDP] Loop error: timed out
2026-05-29 12:21:35,149 [ERROR] [R-UDP] Loop error: timed out
2026-05-29 12:21:38,157 [ERROR] [R-UDP] Loop error: timed out
2026-05-29 12:21:40,970 [ERROR] [R-UDP] Loop error: timed out
2026-05-29 12:21:43,974 [ERROR] [R-UDP] Loop error: timed out
2026-05-29 12:21:46,978 [ERROR] [R-UDP] Loop error: timed out
2026-05-29 12:21:49,982 [ERROR] [R-UDP] Loop error: timed out
2026-05-29 12:21:52,986 [ERROR] [R-UDP] Loop error: timed out
2026-05-29 12:21:55,991 [ERROR] [R-UDP] Loop error: timed out
2026-05-29 12:21:56,277 [INFO] [TCP] Done: {'protocol': 'TCP', 'bytes_received': 10485760, 'elapsed_sec': 123.44, 'throughput_mbps': 0.6796, 'auth': '20261005083:Luiz Nelson dos Santos Lima'}
2026-05-29 12:21:58,994 [ERROR] [R-UDP] Loop error: timed out
2026-05-29 12:22:01,998 [ERROR] [R-UDP] Loop error: timed out
2026-05-29 12:22:04,222 [INFO] [R-UDP] Transfer from ('172.20.0.20', 35798) | Auth: 20261005083:Luiz Nelson dos Santos Lima | Size: 10485760
2026-05-29 12:26:33,847 [INFO] [R-UDP] FIN received (seq=10241)
2026-05-29 12:26:33,849 [INFO] [R-UDP] Done: {'protocol': 'R-UDP', 'bytes_received': 0, 'elapsed_sec': 271.5292, 'throughput_mbps': 0.0, 'corrupt_packets': 0, 'auth': '20261005083:Luiz Nelson dos Santos Lima'}
2026-05-29 12:26:37,073 [ERROR] [R-UDP] Loop error: timed out
2026-05-29 12:26:39,858 [ERROR] [R-UDP] Loop error: timed out
2026-05-29 12:26:42,860 [ERROR] [R-UDP] Loop error: timed out
2026-05-29 12:26:45,534 [INFO] [TCP] Connection from ('172.20.0.20', 59674)
2026-05-29 12:26:45,535 [INFO] [TCP] Auth: 20261005083:Luiz Nelson dos Santos Lima | File: testfile.bin | Size: 10485760
2026-05-29 12:26:45,865 [ERROR] [R-UDP] Loop error: timed out
2026-05-29 12:26:48,871 [ERROR] [R-UDP] Loop error: timed out
2026-05-29 12:26:51,881 [ERROR] [R-UDP] Loop error: timed out
2026-05-29 12:26:54,888 [ERROR] [R-UDP] Loop error: timed out
2026-05-29 12:26:57,893 [ERROR] [R-UDP] Loop error: timed out
2026-05-29 12:27:00,907 [ERROR] [R-UDP] Loop error: timed out
2026-05-29 12:27:03,927 [ERROR] [R-UDP] Loop error: timed out
2026-05-29 12:27:06,940 [ERROR] [R-UDP] Loop error: timed out
2026-05-29 12:27:09,722 [ERROR] [R-UDP] Loop error: timed out
2026-05-29 12:27:12,724 [ERROR] [R-UDP] Loop error: timed out
2026-05-29 12:27:15,729 [ERROR] [R-UDP] Loop error: timed out
2026-05-29 12:27:18,734 [ERROR] [R-UDP] Loop error: timed out
2026-05-29 12:27:21,754 [ERROR] [R-UDP] Loop error: timed out
2026-05-29 12:27:24,762 [ERROR] [R-UDP] Loop error: timed out
2026-05-29 12:27:27,767 [ERROR] [R-UDP] Loop error: timed out
2026-05-29 12:27:30,772 [ERROR] [R-UDP] Loop error: timed out
2026-05-29 12:27:33,778 [ERROR] [R-UDP] Loop error: timed out
2026-05-29 12:27:36,783 [ERROR] [R-UDP] Loop error: timed out
2026-05-29 12:27:39,560 [ERROR] [R-UDP] Loop error: timed out
2026-05-29 12:27:42,563 [ERROR] [R-UDP] Loop error: timed out
2026-05-29 12:27:45,567 [ERROR] [R-UDP] Loop error: timed out
2026-05-29 12:27:48,573 [ERROR] [R-UDP] Loop error: timed out
2026-05-29 12:27:51,579 [ERROR] [R-UDP] Loop error: timed out
2026-05-29 12:27:54,584 [ERROR] [R-UDP] Loop error: timed out
2026-05-29 12:27:57,612 [ERROR] [R-UDP] Loop error: timed out
2026-05-29 12:28:00,622 [ERROR] [R-UDP] Loop error: timed out
2026-05-29 12:28:03,635 [ERROR] [R-UDP] Loop error: timed out
2026-05-29 12:28:06,650 [ERROR] [R-UDP] Loop error: timed out
2026-05-29 12:28:09,433 [ERROR] [R-UDP] Loop error: timed out
2026-05-29 12:28:12,437 [ERROR] [R-UDP] Loop error: timed out
2026-05-29 12:28:15,440 [ERROR] [R-UDP] Loop error: timed out
2026-05-29 12:28:18,447 [ERROR] [R-UDP] Loop error: timed out
2026-05-29 12:28:21,452 [ERROR] [R-UDP] Loop error: timed out
2026-05-29 12:28:24,456 [ERROR] [R-UDP] Loop error: timed out
2026-05-29 12:28:27,463 [ERROR] [R-UDP] Loop error: timed out
2026-05-29 12:28:30,470 [ERROR] [R-UDP] Loop error: timed out
2026-05-29 12:28:33,476 [ERROR] [R-UDP] Loop error: timed out
2026-05-29 12:28:36,481 [ERROR] [R-UDP] Loop error: timed out
2026-05-29 12:28:39,276 [ERROR] [R-UDP] Loop error: timed out
2026-05-29 12:28:42,280 [ERROR] [R-UDP] Loop error: timed out
2026-05-29 12:28:45,281 [ERROR] [R-UDP] Loop error: timed out
2026-05-29 12:28:48,285 [ERROR] [R-UDP] Loop error: timed out
2026-05-29 12:28:51,008 [INFO] [TCP] Done: {'protocol': 'TCP', 'bytes_received': 10485760, 'elapsed_sec': 126.3479, 'throughput_mbps': 0.6639, 'auth': '20261005083:Luiz Nelson dos Santos Lima'}
2026-05-29 12:28:51,290 [ERROR] [R-UDP] Loop error: timed out
2026-05-29 12:28:54,295 [ERROR] [R-UDP] Loop error: timed out
2026-05-29 12:28:57,300 [ERROR] [R-UDP] Loop error: timed out
2026-05-29 12:28:59,924 [INFO] [R-UDP] Transfer from ('172.20.0.20', 47614) | Auth: 20261005083:Luiz Nelson dos Santos Lima | Size: 10485760
2026-05-29 12:33:38,724 [INFO] [R-UDP] FIN received (seq=10241)
2026-05-29 12:33:38,725 [INFO] [R-UDP] Done: {'protocol': 'R-UDP', 'bytes_received': 0, 'elapsed_sec': 280.8298, 'throughput_mbps': 0.0, 'corrupt_packets': 0, 'auth': '20261005083:Luiz Nelson dos Santos Lima'}
2026-05-29 12:33:41,928 [ERROR] [R-UDP] Loop error: timed out
2026-05-29 12:33:44,932 [ERROR] [R-UDP] Loop error: timed out
2026-05-29 12:33:47,936 [ERROR] [R-UDP] Loop error: timed out
2026-05-29 12:33:50,940 [ERROR] [R-UDP] Loop error: timed out
2026-05-29 12:33:51,381 [INFO] [TCP] Connection from ('172.20.0.20', 57738)
2026-05-29 12:33:51,382 [INFO] [TCP] Auth: 20261005083:Luiz Nelson dos Santos Lima | File: testfile.bin | Size: 10485760
2026-05-29 12:33:53,945 [ERROR] [R-UDP] Loop error: timed out
2026-05-29 12:33:56,948 [ERROR] [R-UDP] Loop error: timed out
2026-05-29 12:33:59,959 [ERROR] [R-UDP] Loop error: timed out
2026-05-29 12:34:02,971 [ERROR] [R-UDP] Loop error: timed out
2026-05-29 12:34:05,980 [ERROR] [R-UDP] Loop error: timed out
2026-05-29 12:34:08,780 [ERROR] [R-UDP] Loop error: timed out
2026-05-29 12:34:11,783 [ERROR] [R-UDP] Loop error: timed out
2026-05-29 12:34:14,788 [ERROR] [R-UDP] Loop error: timed out
2026-05-29 12:34:17,802 [ERROR] [R-UDP] Loop error: timed out
2026-05-29 12:34:20,810 [ERROR] [R-UDP] Loop error: timed out
2026-05-29 12:34:23,816 [ERROR] [R-UDP] Loop error: timed out
2026-05-29 12:34:26,822 [ERROR] [R-UDP] Loop error: timed out
2026-05-29 12:34:29,828 [ERROR] [R-UDP] Loop error: timed out
2026-05-29 12:34:32,836 [ERROR] [R-UDP] Loop error: timed out
2026-05-29 12:34:35,845 [ERROR] [R-UDP] Loop error: timed out
2026-05-29 12:34:38,651 [ERROR] [R-UDP] Loop error: timed out
2026-05-29 12:34:41,653 [ERROR] [R-UDP] Loop error: timed out
2026-05-29 12:34:44,658 [ERROR] [R-UDP] Loop error: timed out
2026-05-29 12:34:47,663 [ERROR] [R-UDP] Loop error: timed out
2026-05-29 12:34:50,667 [ERROR] [R-UDP] Loop error: timed out
2026-05-29 12:34:53,676 [ERROR] [R-UDP] Loop error: timed out
2026-05-29 12:34:56,681 [ERROR] [R-UDP] Loop error: timed out
2026-05-29 12:34:59,691 [ERROR] [R-UDP] Loop error: timed out
2026-05-29 12:35:02,696 [ERROR] [R-UDP] Loop error: timed out
2026-05-29 12:35:05,531 [ERROR] [R-UDP] Loop error: timed out
2026-05-29 12:35:08,535 [ERROR] [R-UDP] Loop error: timed out
2026-05-29 12:35:11,539 [ERROR] [R-UDP] Loop error: timed out
2026-05-29 12:35:14,543 [ERROR] [R-UDP] Loop error: timed out
2026-05-29 12:35:17,545 [ERROR] [R-UDP] Loop error: timed out
2026-05-29 12:35:20,550 [ERROR] [R-UDP] Loop error: timed out
2026-05-29 12:35:23,557 [ERROR] [R-UDP] Loop error: timed out
2026-05-29 12:35:26,566 [ERROR] [R-UDP] Loop error: timed out
2026-05-29 12:35:29,577 [ERROR] [R-UDP] Loop error: timed out
2026-05-29 12:35:32,581 [ERROR] [R-UDP] Loop error: timed out
2026-05-29 12:35:35,387 [ERROR] [R-UDP] Loop error: timed out
2026-05-29 12:35:38,389 [ERROR] [R-UDP] Loop error: timed out
2026-05-29 12:35:41,391 [ERROR] [R-UDP] Loop error: timed out
2026-05-29 12:35:44,396 [ERROR] [R-UDP] Loop error: timed out
2026-05-29 12:35:47,404 [ERROR] [R-UDP] Loop error: timed out
2026-05-29 12:35:50,412 [ERROR] [R-UDP] Loop error: timed out
2026-05-29 12:35:53,417 [ERROR] [R-UDP] Loop error: timed out
2026-05-29 12:35:54,497 [INFO] [TCP] Done: {'protocol': 'TCP', 'bytes_received': 10485760, 'elapsed_sec': 123.884, 'throughput_mbps': 0.6771, 'auth': '20261005083:Luiz Nelson dos Santos Lima'}
2026-05-29 12:35:56,418 [ERROR] [R-UDP] Loop error: timed out
2026-05-29 12:35:59,426 [ERROR] [R-UDP] Loop error: timed out
2026-05-29 12:36:02,349 [INFO] [R-UDP] Transfer from ('172.20.0.20', 37321) | Auth: 20261005083:Luiz Nelson dos Santos Lima | Size: 10485760
2026-05-29 12:40:44,218 [INFO] [R-UDP] FIN received (seq=10241)
2026-05-29 12:40:44,219 [INFO] [R-UDP] Done: {'protocol': 'R-UDP', 'bytes_received': 0, 'elapsed_sec': 283.6384, 'throughput_mbps': 0.0, 'corrupt_packets': 0, 'auth': '20261005083:Luiz Nelson dos Santos Lima'}
2026-05-29 12:40:47,426 [ERROR] [R-UDP] Loop error: timed out
2026-05-29 12:40:50,431 [ERROR] [R-UDP] Loop error: timed out
2026-05-29 12:40:53,437 [ERROR] [R-UDP] Loop error: timed out
2026-05-29 12:40:56,448 [ERROR] [R-UDP] Loop error: timed out
2026-05-29 12:40:56,823 [INFO] [TCP] Connection from ('172.20.0.20', 36340)
2026-05-29 12:40:56,824 [INFO] [TCP] Auth: 20261005083:Luiz Nelson dos Santos Lima | File: testfile.bin | Size: 10485760
2026-05-29 12:40:59,452 [ERROR] [R-UDP] Loop error: timed out
2026-05-29 12:41:02,456 [ERROR] [R-UDP] Loop error: timed out
2026-05-29 12:41:05,287 [ERROR] [R-UDP] Loop error: timed out
2026-05-29 12:41:08,291 [ERROR] [R-UDP] Loop error: timed out
2026-05-29 12:41:11,295 [ERROR] [R-UDP] Loop error: timed out
2026-05-29 12:41:14,307 [ERROR] [R-UDP] Loop error: timed out
2026-05-29 12:41:17,313 [ERROR] [R-UDP] Loop error: timed out
2026-05-29 12:41:19,914 [ERROR] [R-UDP] Loop error: timed out
2026-05-29 12:41:22,919 [ERROR] [R-UDP] Loop error: timed out
2026-05-29 12:41:25,923 [ERROR] [R-UDP] Loop error: timed out
2026-05-29 12:41:28,927 [ERROR] [R-UDP] Loop error: timed out
2026-05-29 12:41:31,931 [ERROR] [R-UDP] Loop error: timed out
2026-05-29 12:41:35,015 [ERROR] [R-UDP] Loop error: timed out
2026-05-29 12:41:38,023 [ERROR] [R-UDP] Loop error: timed out
2026-05-29 12:41:41,029 [ERROR] [R-UDP] Loop error: timed out
2026-05-29 12:41:44,038 [ERROR] [R-UDP] Loop error: timed out
2026-05-29 12:41:47,042 [ERROR] [R-UDP] Loop error: timed out
2026-05-29 12:41:49,615 [ERROR] [R-UDP] Loop error: timed out
2026-05-29 12:41:52,618 [ERROR] [R-UDP] Loop error: timed out
2026-05-29 12:41:55,624 [ERROR] [R-UDP] Loop error: timed out
2026-05-29 12:41:58,629 [ERROR] [R-UDP] Loop error: timed out
2026-05-29 12:42:01,653 [ERROR] [R-UDP] Loop error: timed out
2026-05-29 12:42:04,697 [ERROR] [R-UDP] Loop error: timed out
2026-05-29 12:42:07,702 [ERROR] [R-UDP] Loop error: timed out
2026-05-29 12:42:10,706 [ERROR] [R-UDP] Loop error: timed out
2026-05-29 12:42:13,719 [ERROR] [R-UDP] Loop error: timed out
2026-05-29 12:42:16,729 [ERROR] [R-UDP] Loop error: timed out
2026-05-29 12:42:19,734 [ERROR] [R-UDP] Loop error: timed out
2026-05-29 12:42:22,741 [ERROR] [R-UDP] Loop error: timed out
2026-05-29 12:42:25,746 [ERROR] [R-UDP] Loop error: timed out
2026-05-29 12:42:28,752 [ERROR] [R-UDP] Loop error: timed out
2026-05-29 12:42:31,762 [ERROR] [R-UDP] Loop error: timed out
2026-05-29 12:42:34,598 [ERROR] [R-UDP] Loop error: timed out
2026-05-29 12:42:37,601 [ERROR] [R-UDP] Loop error: timed out
2026-05-29 12:42:40,605 [ERROR] [R-UDP] Loop error: timed out
2026-05-29 12:42:43,618 [ERROR] [R-UDP] Loop error: timed out
2026-05-29 12:42:46,623 [ERROR] [R-UDP] Loop error: timed out
2026-05-29 12:42:49,627 [ERROR] [R-UDP] Loop error: timed out
2026-05-29 12:42:52,634 [ERROR] [R-UDP] Loop error: timed out
2026-05-29 12:42:55,647 [ERROR] [R-UDP] Loop error: timed out
2026-05-29 12:42:56,905 [INFO] [TCP] Done: {'protocol': 'TCP', 'bytes_received': 10485760, 'elapsed_sec': 121.138, 'throughput_mbps': 0.6925, 'auth': '20261005083:Luiz Nelson dos Santos Lima'}
2026-05-29 12:42:58,651 [ERROR] [R-UDP] Loop error: timed out
2026-05-29 12:43:01,656 [ERROR] [R-UDP] Loop error: timed out
2026-05-29 12:43:04,498 [ERROR] [R-UDP] Loop error: timed out
2026-05-29 12:43:05,272 [INFO] [R-UDP] Transfer from ('172.20.0.20', 57444) | Auth: 20261005083:Luiz Nelson dos Santos Lima | Size: 10485760
2026-05-29 12:47:29,625 [INFO] [R-UDP] FIN received (seq=10241)
2026-05-29 12:47:29,626 [INFO] [R-UDP] Done: {'protocol': 'R-UDP', 'bytes_received': 0, 'elapsed_sec': 265.6652, 'throughput_mbps': 0.0, 'corrupt_packets': 0, 'auth': '20261005083:Luiz Nelson dos Santos Lima'}
2026-05-29 12:47:32,678 [ERROR] [R-UDP] Loop error: timed out
2026-05-29 12:47:35,681 [ERROR] [R-UDP] Loop error: timed out
2026-05-29 12:47:38,687 [ERROR] [R-UDP] Loop error: timed out
2026-05-29 12:47:41,689 [ERROR] [R-UDP] Loop error: timed out
2026-05-29 12:47:44,695 [ERROR] [R-UDP] Loop error: timed out
2026-05-29 12:47:47,469 [INFO] [TCP] Connection from ('172.20.0.20', 59982)
2026-05-29 12:47:47,471 [INFO] [TCP] Auth: 20261005083:Luiz Nelson dos Santos Lima | File: testfile.bin | Size: 10485760
2026-05-29 12:47:47,702 [ERROR] [R-UDP] Loop error: timed out
2026-05-29 12:47:50,706 [ERROR] [R-UDP] Loop error: timed out
2026-05-29 12:47:53,713 [ERROR] [R-UDP] Loop error: timed out
2026-05-29 12:47:56,722 [ERROR] [R-UDP] Loop error: timed out
2026-05-29 12:47:59,727 [ERROR] [R-UDP] Loop error: timed out
2026-05-29 12:48:02,571 [ERROR] [R-UDP] Loop error: timed out
2026-05-29 12:48:05,575 [ERROR] [R-UDP] Loop error: timed out
2026-05-29 12:48:08,580 [ERROR] [R-UDP] Loop error: timed out
2026-05-29 12:48:11,588 [ERROR] [R-UDP] Loop error: timed out
2026-05-29 12:48:14,597 [ERROR] [R-UDP] Loop error: timed out
2026-05-29 12:48:17,603 [ERROR] [R-UDP] Loop error: timed out
2026-05-29 12:48:20,607 [ERROR] [R-UDP] Loop error: timed out
2026-05-29 12:48:23,611 [ERROR] [R-UDP] Loop error: timed out
2026-05-29 12:48:26,621 [ERROR] [R-UDP] Loop error: timed out
2026-05-29 12:48:29,634 [ERROR] [R-UDP] Loop error: timed out
2026-05-29 12:48:32,493 [ERROR] [R-UDP] Loop error: timed out
2026-05-29 12:48:35,496 [ERROR] [R-UDP] Loop error: timed out
2026-05-29 12:48:38,499 [ERROR] [R-UDP] Loop error: timed out
2026-05-29 12:48:41,500 [ERROR] [R-UDP] Loop error: timed out
2026-05-29 12:48:44,506 [ERROR] [R-UDP] Loop error: timed out
2026-05-29 12:48:47,520 [ERROR] [R-UDP] Loop error: timed out
2026-05-29 12:48:50,527 [ERROR] [R-UDP] Loop error: timed out
2026-05-29 12:48:53,533 [ERROR] [R-UDP] Loop error: timed out
2026-05-29 12:48:56,538 [ERROR] [R-UDP] Loop error: timed out
2026-05-29 12:48:59,547 [ERROR] [R-UDP] Loop error: timed out
2026-05-29 12:49:02,390 [ERROR] [R-UDP] Loop error: timed out
2026-05-29 12:49:05,393 [ERROR] [R-UDP] Loop error: timed out
2026-05-29 12:49:08,397 [ERROR] [R-UDP] Loop error: timed out
2026-05-29 12:49:11,401 [ERROR] [R-UDP] Loop error: timed out
2026-05-29 12:49:14,406 [ERROR] [R-UDP] Loop error: timed out
2026-05-29 12:49:17,411 [ERROR] [R-UDP] Loop error: timed out
2026-05-29 12:49:20,415 [ERROR] [R-UDP] Loop error: timed out
2026-05-29 12:49:23,417 [ERROR] [R-UDP] Loop error: timed out
2026-05-29 12:49:26,425 [ERROR] [R-UDP] Loop error: timed out
2026-05-29 12:49:29,431 [ERROR] [R-UDP] Loop error: timed out
2026-05-29 12:49:32,270 [ERROR] [R-UDP] Loop error: timed out
2026-05-29 12:49:35,274 [ERROR] [R-UDP] Loop error: timed out
2026-05-29 12:49:38,278 [ERROR] [R-UDP] Loop error: timed out
2026-05-29 12:49:41,282 [ERROR] [R-UDP] Loop error: timed out
2026-05-29 12:49:44,288 [ERROR] [R-UDP] Loop error: timed out
2026-05-29 12:49:47,291 [ERROR] [R-UDP] Loop error: timed out
2026-05-29 12:49:50,297 [ERROR] [R-UDP] Loop error: timed out
2026-05-29 12:49:53,314 [ERROR] [R-UDP] Loop error: timed out
2026-05-29 12:49:56,316 [ERROR] [R-UDP] Loop error: timed out
2026-05-29 12:49:59,327 [ERROR] [R-UDP] Loop error: timed out
2026-05-29 12:50:02,174 [ERROR] [R-UDP] Loop error: timed out
2026-05-29 12:50:05,177 [ERROR] [R-UDP] Loop error: timed out
2026-05-29 12:50:08,181 [ERROR] [R-UDP] Loop error: timed out
2026-05-29 12:50:11,185 [ERROR] [R-UDP] Loop error: timed out
2026-05-29 12:50:14,190 [ERROR] [R-UDP] Loop error: timed out
2026-05-29 12:50:17,194 [ERROR] [R-UDP] Loop error: timed out
2026-05-29 12:50:20,195 [ERROR] [R-UDP] Loop error: timed out
2026-05-29 12:50:23,201 [ERROR] [R-UDP] Loop error: timed out
2026-05-29 12:50:26,206 [ERROR] [R-UDP] Loop error: timed out
2026-05-29 12:50:29,210 [ERROR] [R-UDP] Loop error: timed out
2026-05-29 12:50:32,050 [ERROR] [R-UDP] Loop error: timed out
2026-05-29 12:50:35,054 [ERROR] [R-UDP] Loop error: timed out
2026-05-29 12:50:38,058 [ERROR] [R-UDP] Loop error: timed out
2026-05-29 12:50:41,062 [ERROR] [R-UDP] Loop error: timed out
2026-05-29 12:50:44,067 [ERROR] [R-UDP] Loop error: timed out
2026-05-29 12:50:47,072 [ERROR] [R-UDP] Loop error: timed out
2026-05-29 12:50:50,076 [ERROR] [R-UDP] Loop error: timed out
2026-05-29 12:50:53,086 [ERROR] [R-UDP] Loop error: timed out
2026-05-29 12:50:56,091 [ERROR] [R-UDP] Loop error: timed out
2026-05-29 12:50:59,095 [ERROR] [R-UDP] Loop error: timed out
2026-05-29 12:51:01,936 [ERROR] [R-UDP] Loop error: timed out
2026-05-29 12:51:04,937 [ERROR] [R-UDP] Loop error: timed out
2026-05-29 12:51:07,941 [ERROR] [R-UDP] Loop error: timed out
2026-05-29 12:51:10,945 [ERROR] [R-UDP] Loop error: timed out
2026-05-29 12:51:13,954 [ERROR] [R-UDP] Loop error: timed out
2026-05-29 12:51:16,964 [ERROR] [R-UDP] Loop error: timed out
2026-05-29 12:51:19,969 [ERROR] [R-UDP] Loop error: timed out
2026-05-29 12:51:22,987 [ERROR] [R-UDP] Loop error: timed out
2026-05-29 12:51:25,995 [ERROR] [R-UDP] Loop error: timed out
2026-05-29 12:51:29,001 [ERROR] [R-UDP] Loop error: timed out
2026-05-29 12:51:31,842 [ERROR] [R-UDP] Loop error: timed out
2026-05-29 12:51:34,846 [ERROR] [R-UDP] Loop error: timed out
2026-05-29 12:51:37,851 [ERROR] [R-UDP] Loop error: timed out
2026-05-29 12:51:40,857 [ERROR] [R-UDP] Loop error: timed out
2026-05-29 12:51:43,862 [ERROR] [R-UDP] Loop error: timed out
2026-05-29 12:51:46,869 [ERROR] [R-UDP] Loop error: timed out
2026-05-29 12:51:49,876 [ERROR] [R-UDP] Loop error: timed out
2026-05-29 12:51:52,891 [ERROR] [R-UDP] Loop error: timed out
2026-05-29 12:51:55,905 [ERROR] [R-UDP] Loop error: timed out
2026-05-29 12:51:58,910 [ERROR] [R-UDP] Loop error: timed out
2026-05-29 12:52:01,775 [ERROR] [R-UDP] Loop error: timed out
2026-05-29 12:52:04,779 [ERROR] [R-UDP] Loop error: timed out
2026-05-29 12:52:07,785 [ERROR] [R-UDP] Loop error: timed out
2026-05-29 12:52:10,790 [ERROR] [R-UDP] Loop error: timed out
2026-05-29 12:52:13,795 [ERROR] [R-UDP] Loop error: timed out
2026-05-29 12:52:16,804 [ERROR] [R-UDP] Loop error: timed out
2026-05-29 12:52:19,808 [ERROR] [R-UDP] Loop error: timed out
2026-05-29 12:52:22,813 [ERROR] [R-UDP] Loop error: timed out
2026-05-29 12:52:25,817 [ERROR] [R-UDP] Loop error: timed out
2026-05-29 12:52:28,822 [ERROR] [R-UDP] Loop error: timed out
2026-05-29 12:52:31,668 [ERROR] [R-UDP] Loop error: timed out
2026-05-29 12:52:34,672 [ERROR] [R-UDP] Loop error: timed out
2026-05-29 12:52:37,677 [ERROR] [R-UDP] Loop error: timed out
2026-05-29 12:52:40,681 [ERROR] [R-UDP] Loop error: timed out
2026-05-29 12:52:43,686 [ERROR] [R-UDP] Loop error: timed out
2026-05-29 12:52:46,691 [ERROR] [R-UDP] Loop error: timed out
2026-05-29 12:52:49,695 [ERROR] [R-UDP] Loop error: timed out
2026-05-29 12:52:52,699 [ERROR] [R-UDP] Loop error: timed out
2026-05-29 12:52:55,704 [ERROR] [R-UDP] Loop error: timed out
2026-05-29 12:52:58,707 [ERROR] [R-UDP] Loop error: timed out
2026-05-29 12:53:01,551 [ERROR] [R-UDP] Loop error: timed out
2026-05-29 12:53:04,555 [ERROR] [R-UDP] Loop error: timed out
2026-05-29 12:53:07,560 [ERROR] [R-UDP] Loop error: timed out
2026-05-29 12:53:10,564 [ERROR] [R-UDP] Loop error: timed out
2026-05-29 12:53:13,569 [ERROR] [R-UDP] Loop error: timed out
2026-05-29 12:53:16,573 [ERROR] [R-UDP] Loop error: timed out
2026-05-29 12:53:19,579 [ERROR] [R-UDP] Loop error: timed out
2026-05-29 12:53:22,583 [ERROR] [R-UDP] Loop error: timed out
2026-05-29 12:53:25,588 [ERROR] [R-UDP] Loop error: timed out
2026-05-29 12:53:28,593 [ERROR] [R-UDP] Loop error: timed out
2026-05-29 12:53:31,439 [ERROR] [R-UDP] Loop error: timed out
2026-05-29 12:53:34,443 [ERROR] [R-UDP] Loop error: timed out
2026-05-29 12:53:37,447 [ERROR] [R-UDP] Loop error: timed out
2026-05-29 12:53:40,451 [ERROR] [R-UDP] Loop error: timed out
2026-05-29 12:53:43,456 [ERROR] [R-UDP] Loop error: timed out
2026-05-29 12:53:46,461 [ERROR] [R-UDP] Loop error: timed out
2026-05-29 12:53:49,463 [ERROR] [R-UDP] Loop error: timed out
2026-05-29 12:53:52,469 [ERROR] [R-UDP] Loop error: timed out
2026-05-29 12:53:55,476 [ERROR] [R-UDP] Loop error: timed out
2026-05-29 12:53:58,482 [ERROR] [R-UDP] Loop error: timed out
2026-05-29 12:54:01,329 [ERROR] [R-UDP] Loop error: timed out
2026-05-29 12:54:04,333 [ERROR] [R-UDP] Loop error: timed out
2026-05-29 12:54:07,338 [ERROR] [R-UDP] Loop error: timed out
2026-05-29 12:54:10,342 [ERROR] [R-UDP] Loop error: timed out
2026-05-29 12:54:13,348 [ERROR] [R-UDP] Loop error: timed out
2026-05-29 12:54:16,353 [ERROR] [R-UDP] Loop error: timed out
2026-05-29 12:54:19,357 [ERROR] [R-UDP] Loop error: timed out
2026-05-29 12:54:22,370 [ERROR] [R-UDP] Loop error: timed out
2026-05-29 12:54:25,384 [ERROR] [R-UDP] Loop error: timed out
2026-05-29 12:54:28,391 [ERROR] [R-UDP] Loop error: timed out
2026-05-29 12:54:31,236 [ERROR] [R-UDP] Loop error: timed out
2026-05-29 12:54:34,238 [ERROR] [R-UDP] Loop error: timed out
2026-05-29 12:54:37,243 [ERROR] [R-UDP] Loop error: timed out
2026-05-29 12:54:40,248 [ERROR] [R-UDP] Loop error: timed out
2026-05-29 12:54:43,253 [ERROR] [R-UDP] Loop error: timed out
2026-05-29 12:54:46,259 [ERROR] [R-UDP] Loop error: timed out
2026-05-29 12:54:49,266 [ERROR] [R-UDP] Loop error: timed out
2026-05-29 12:54:52,273 [ERROR] [R-UDP] Loop error: timed out
2026-05-29 12:54:55,277 [ERROR] [R-UDP] Loop error: timed out
2026-05-29 12:54:58,283 [ERROR] [R-UDP] Loop error: timed out
2026-05-29 12:55:01,127 [ERROR] [R-UDP] Loop error: timed out
2026-05-29 12:55:04,130 [ERROR] [R-UDP] Loop error: timed out
2026-05-29 12:55:07,136 [ERROR] [R-UDP] Loop error: timed out
2026-05-29 12:55:10,142 [ERROR] [R-UDP] Loop error: timed out
2026-05-29 12:55:13,147 [ERROR] [R-UDP] Loop error: timed out
2026-05-29 12:55:16,155 [ERROR] [R-UDP] Loop error: timed out
2026-05-29 12:55:19,162 [ERROR] [R-UDP] Loop error: timed out
2026-05-29 12:55:22,168 [ERROR] [R-UDP] Loop error: timed out
2026-05-29 12:55:25,173 [ERROR] [R-UDP] Loop error: timed out
2026-05-29 12:55:28,178 [ERROR] [R-UDP] Loop error: timed out
2026-05-29 12:55:31,047 [ERROR] [R-UDP] Loop error: timed out
2026-05-29 12:55:34,051 [ERROR] [R-UDP] Loop error: timed out
2026-05-29 12:55:37,055 [ERROR] [R-UDP] Loop error: timed out
2026-05-29 12:55:40,060 [ERROR] [R-UDP] Loop error: timed out
2026-05-29 12:55:43,065 [ERROR] [R-UDP] Loop error: timed out
2026-05-29 12:55:46,069 [ERROR] [R-UDP] Loop error: timed out
2026-05-29 12:55:49,074 [ERROR] [R-UDP] Loop error: timed out
2026-05-29 12:55:52,077 [ERROR] [R-UDP] Loop error: timed out
2026-05-29 12:55:55,086 [ERROR] [R-UDP] Loop error: timed out
2026-05-29 12:55:58,091 [ERROR] [R-UDP] Loop error: timed out
2026-05-29 12:56:00,938 [ERROR] [R-UDP] Loop error: timed out
2026-05-29 12:56:03,940 [ERROR] [R-UDP] Loop error: timed out
2026-05-29 12:56:06,945 [ERROR] [R-UDP] Loop error: timed out
2026-05-29 12:56:07,455 [INFO] [TCP] Done: {'protocol': 'TCP', 'bytes_received': 10485760, 'elapsed_sec': 502.6318, 'throughput_mbps': 0.1669, 'auth': '20261005083:Luiz Nelson dos Santos Lima'}
2026-05-29 12:56:09,947 [ERROR] [R-UDP] Loop error: timed out
2026-05-29 12:56:12,951 [ERROR] [R-UDP] Loop error: timed out
2026-05-29 12:56:15,956 [ERROR] [R-UDP] Loop error: timed out
2026-05-29 12:56:16,010 [INFO] [R-UDP] Transfer from ('172.20.0.20', 55867) | Auth: 20261005083:Luiz Nelson dos Santos Lima | Size: 10485760
2026-05-29 13:03:44,070 [INFO] [R-UDP] FIN received (seq=10241)
2026-05-29 13:03:44,071 [INFO] [R-UDP] Done: {'protocol': 'R-UDP', 'bytes_received': 0, 'elapsed_sec': 449.842, 'throughput_mbps': 0.0, 'corrupt_packets': 0, 'auth': '20261005083:Luiz Nelson dos Santos Lima'}
2026-05-29 13:03:47,274 [ERROR] [R-UDP] Loop error: timed out
2026-05-29 13:03:50,277 [ERROR] [R-UDP] Loop error: timed out
2026-05-29 13:03:53,295 [ERROR] [R-UDP] Loop error: timed out
2026-05-29 13:03:54,682 [INFO] [TCP] Connection from ('172.20.0.20', 50552)
2026-05-29 13:03:55,029 [INFO] [TCP] Auth: 20261005083:Luiz Nelson dos Santos Lima | File: testfile.bin | Size: 10485760
2026-05-29 13:03:56,306 [ERROR] [R-UDP] Loop error: timed out
2026-05-29 13:03:59,189 [ERROR] [R-UDP] Loop error: timed out
2026-05-29 13:04:02,197 [ERROR] [R-UDP] Loop error: timed out
2026-05-29 13:04:05,233 [ERROR] [R-UDP] Loop error: timed out
2026-05-29 13:04:08,243 [ERROR] [R-UDP] Loop error: timed out
2026-05-29 13:04:11,265 [ERROR] [R-UDP] Loop error: timed out
2026-05-29 13:04:14,268 [ERROR] [R-UDP] Loop error: timed out
2026-05-29 13:04:17,272 [ERROR] [R-UDP] Loop error: timed out
2026-05-29 13:04:20,275 [ERROR] [R-UDP] Loop error: timed out
2026-05-29 13:04:23,279 [ERROR] [R-UDP] Loop error: timed out
2026-05-29 13:04:26,286 [ERROR] [R-UDP] Loop error: timed out
2026-05-29 13:04:29,284 [ERROR] [R-UDP] Loop error: timed out
2026-05-29 13:04:32,287 [ERROR] [R-UDP] Loop error: timed out
2026-05-29 13:04:35,292 [ERROR] [R-UDP] Loop error: timed out
2026-05-29 13:04:38,298 [ERROR] [R-UDP] Loop error: timed out
2026-05-29 13:04:41,302 [ERROR] [R-UDP] Loop error: timed out
2026-05-29 13:04:44,313 [ERROR] [R-UDP] Loop error: timed out
2026-05-29 13:04:47,318 [ERROR] [R-UDP] Loop error: timed out
2026-05-29 13:04:50,325 [ERROR] [R-UDP] Loop error: timed out
2026-05-29 13:04:53,332 [ERROR] [R-UDP] Loop error: timed out
2026-05-29 13:04:56,343 [ERROR] [R-UDP] Loop error: timed out
2026-05-29 13:04:59,212 [ERROR] [R-UDP] Loop error: timed out
2026-05-29 13:05:02,215 [ERROR] [R-UDP] Loop error: timed out
2026-05-29 13:05:05,220 [ERROR] [R-UDP] Loop error: timed out
2026-05-29 13:05:08,229 [ERROR] [R-UDP] Loop error: timed out
2026-05-29 13:05:11,236 [ERROR] [R-UDP] Loop error: timed out
2026-05-29 13:05:14,246 [ERROR] [R-UDP] Loop error: timed out
2026-05-29 13:05:17,257 [ERROR] [R-UDP] Loop error: timed out
2026-05-29 13:05:20,270 [ERROR] [R-UDP] Loop error: timed out
2026-05-29 13:05:23,288 [ERROR] [R-UDP] Loop error: timed out
2026-05-29 13:05:26,297 [ERROR] [R-UDP] Loop error: timed out
2026-05-29 13:05:29,171 [ERROR] [R-UDP] Loop error: timed out
2026-05-29 13:05:32,173 [ERROR] [R-UDP] Loop error: timed out
2026-05-29 13:05:35,178 [ERROR] [R-UDP] Loop error: timed out
2026-05-29 13:05:38,186 [ERROR] [R-UDP] Loop error: timed out
2026-05-29 13:05:41,197 [ERROR] [R-UDP] Loop error: timed out
2026-05-29 13:05:44,206 [ERROR] [R-UDP] Loop error: timed out
2026-05-29 13:05:47,212 [ERROR] [R-UDP] Loop error: timed out
2026-05-29 13:05:50,224 [ERROR] [R-UDP] Loop error: timed out
2026-05-29 13:05:53,230 [ERROR] [R-UDP] Loop error: timed out
2026-05-29 13:05:56,236 [ERROR] [R-UDP] Loop error: timed out
2026-05-29 13:05:59,119 [ERROR] [R-UDP] Loop error: timed out
2026-05-29 13:06:02,128 [ERROR] [R-UDP] Loop error: timed out
2026-05-29 13:06:05,136 [ERROR] [R-UDP] Loop error: timed out
2026-05-29 13:06:08,145 [ERROR] [R-UDP] Loop error: timed out
2026-05-29 13:06:11,154 [ERROR] [R-UDP] Loop error: timed out
2026-05-29 13:06:14,157 [ERROR] [R-UDP] Loop error: timed out
2026-05-29 13:06:17,159 [ERROR] [R-UDP] Loop error: timed out
2026-05-29 13:06:20,163 [ERROR] [R-UDP] Loop error: timed out
2026-05-29 13:06:23,167 [ERROR] [R-UDP] Loop error: timed out
2026-05-29 13:06:26,174 [ERROR] [R-UDP] Loop error: timed out
2026-05-29 13:06:29,168 [ERROR] [R-UDP] Loop error: timed out
2026-05-29 13:06:32,171 [ERROR] [R-UDP] Loop error: timed out
2026-05-29 13:06:35,177 [ERROR] [R-UDP] Loop error: timed out
2026-05-29 13:06:38,185 [ERROR] [R-UDP] Loop error: timed out
2026-05-29 13:06:41,190 [ERROR] [R-UDP] Loop error: timed out
2026-05-29 13:06:44,196 [ERROR] [R-UDP] Loop error: timed out
2026-05-29 13:06:47,200 [ERROR] [R-UDP] Loop error: timed out
2026-05-29 13:06:50,209 [ERROR] [R-UDP] Loop error: timed out
2026-05-29 13:06:53,217 [ERROR] [R-UDP] Loop error: timed out
2026-05-29 13:06:56,086 [ERROR] [R-UDP] Loop error: timed out
2026-05-29 13:06:59,089 [ERROR] [R-UDP] Loop error: timed out
2026-05-29 13:07:02,092 [ERROR] [R-UDP] Loop error: timed out
2026-05-29 13:07:05,097 [ERROR] [R-UDP] Loop error: timed out
2026-05-29 13:07:08,103 [ERROR] [R-UDP] Loop error: timed out
2026-05-29 13:07:11,108 [ERROR] [R-UDP] Loop error: timed out
2026-05-29 13:07:14,113 [ERROR] [R-UDP] Loop error: timed out
2026-05-29 13:07:17,117 [ERROR] [R-UDP] Loop error: timed out
2026-05-29 13:07:20,125 [ERROR] [R-UDP] Loop error: timed out
2026-05-29 13:07:23,130 [ERROR] [R-UDP] Loop error: timed out
2026-05-29 13:07:26,012 [ERROR] [R-UDP] Loop error: timed out
2026-05-29 13:07:29,016 [ERROR] [R-UDP] Loop error: timed out
2026-05-29 13:07:32,020 [ERROR] [R-UDP] Loop error: timed out
2026-05-29 13:07:35,025 [ERROR] [R-UDP] Loop error: timed out
2026-05-29 13:07:38,031 [ERROR] [R-UDP] Loop error: timed out
2026-05-29 13:07:41,035 [ERROR] [R-UDP] Loop error: timed out
2026-05-29 13:07:44,037 [ERROR] [R-UDP] Loop error: timed out
2026-05-29 13:07:47,042 [ERROR] [R-UDP] Loop error: timed out
2026-05-29 13:07:50,046 [ERROR] [R-UDP] Loop error: timed out
2026-05-29 13:07:53,051 [ERROR] [R-UDP] Loop error: timed out
2026-05-29 13:07:55,928 [ERROR] [R-UDP] Loop error: timed out
2026-05-29 13:07:58,932 [ERROR] [R-UDP] Loop error: timed out
2026-05-29 13:08:01,936 [ERROR] [R-UDP] Loop error: timed out
2026-05-29 13:08:04,941 [ERROR] [R-UDP] Loop error: timed out
2026-05-29 13:08:07,948 [ERROR] [R-UDP] Loop error: timed out
2026-05-29 13:08:10,955 [ERROR] [R-UDP] Loop error: timed out
2026-05-29 13:08:13,967 [ERROR] [R-UDP] Loop error: timed out
2026-05-29 13:08:16,972 [ERROR] [R-UDP] Loop error: timed out
2026-05-29 13:08:19,978 [ERROR] [R-UDP] Loop error: timed out
2026-05-29 13:08:22,983 [ERROR] [R-UDP] Loop error: timed out
2026-05-29 13:08:25,854 [ERROR] [R-UDP] Loop error: timed out
2026-05-29 13:08:28,857 [ERROR] [R-UDP] Loop error: timed out
2026-05-29 13:08:31,861 [ERROR] [R-UDP] Loop error: timed out
2026-05-29 13:08:34,865 [ERROR] [R-UDP] Loop error: timed out
2026-05-29 13:08:37,869 [ERROR] [R-UDP] Loop error: timed out
2026-05-29 13:08:40,874 [ERROR] [R-UDP] Loop error: timed out
2026-05-29 13:08:43,880 [ERROR] [R-UDP] Loop error: timed out
2026-05-29 13:08:46,885 [ERROR] [R-UDP] Loop error: timed out
2026-05-29 13:08:49,889 [ERROR] [R-UDP] Loop error: timed out
2026-05-29 13:08:52,895 [ERROR] [R-UDP] Loop error: timed out
2026-05-29 13:08:55,770 [ERROR] [R-UDP] Loop error: timed out
2026-05-29 13:08:58,773 [ERROR] [R-UDP] Loop error: timed out
2026-05-29 13:09:01,777 [ERROR] [R-UDP] Loop error: timed out
2026-05-29 13:09:04,781 [ERROR] [R-UDP] Loop error: timed out
2026-05-29 13:09:07,786 [ERROR] [R-UDP] Loop error: timed out
2026-05-29 13:09:10,790 [ERROR] [R-UDP] Loop error: timed out
2026-05-29 13:09:13,796 [ERROR] [R-UDP] Loop error: timed out
2026-05-29 13:09:16,800 [ERROR] [R-UDP] Loop error: timed out
2026-05-29 13:09:19,805 [ERROR] [R-UDP] Loop error: timed out
2026-05-29 13:09:22,810 [ERROR] [R-UDP] Loop error: timed out
2026-05-29 13:09:25,686 [ERROR] [R-UDP] Loop error: timed out
2026-05-29 13:09:28,690 [ERROR] [R-UDP] Loop error: timed out
2026-05-29 13:09:31,694 [ERROR] [R-UDP] Loop error: timed out
2026-05-29 13:09:34,698 [ERROR] [R-UDP] Loop error: timed out
2026-05-29 13:09:37,702 [ERROR] [R-UDP] Loop error: timed out
2026-05-29 13:09:40,706 [ERROR] [R-UDP] Loop error: timed out
2026-05-29 13:09:43,711 [ERROR] [R-UDP] Loop error: timed out
2026-05-29 13:09:46,715 [ERROR] [R-UDP] Loop error: timed out
2026-05-29 13:09:49,720 [ERROR] [R-UDP] Loop error: timed out
2026-05-29 13:09:52,727 [ERROR] [R-UDP] Loop error: timed out
2026-05-29 13:09:55,601 [ERROR] [R-UDP] Loop error: timed out
2026-05-29 13:09:58,605 [ERROR] [R-UDP] Loop error: timed out
2026-05-29 13:10:01,609 [ERROR] [R-UDP] Loop error: timed out
2026-05-29 13:10:04,613 [ERROR] [R-UDP] Loop error: timed out
2026-05-29 13:10:07,618 [ERROR] [R-UDP] Loop error: timed out
2026-05-29 13:10:10,623 [ERROR] [R-UDP] Loop error: timed out
2026-05-29 13:10:13,628 [ERROR] [R-UDP] Loop error: timed out
2026-05-29 13:10:16,633 [ERROR] [R-UDP] Loop error: timed out
2026-05-29 13:10:19,637 [ERROR] [R-UDP] Loop error: timed out
2026-05-29 13:10:22,643 [ERROR] [R-UDP] Loop error: timed out
2026-05-29 13:10:25,510 [ERROR] [R-UDP] Loop error: timed out
2026-05-29 13:10:28,514 [ERROR] [R-UDP] Loop error: timed out
2026-05-29 13:10:31,517 [ERROR] [R-UDP] Loop error: timed out
2026-05-29 13:10:34,522 [ERROR] [R-UDP] Loop error: timed out
2026-05-29 13:10:37,526 [ERROR] [R-UDP] Loop error: timed out
2026-05-29 13:10:40,529 [ERROR] [R-UDP] Loop error: timed out
2026-05-29 13:10:43,534 [ERROR] [R-UDP] Loop error: timed out
2026-05-29 13:10:46,536 [ERROR] [R-UDP] Loop error: timed out
2026-05-29 13:10:49,543 [ERROR] [R-UDP] Loop error: timed out
2026-05-29 13:10:52,549 [ERROR] [R-UDP] Loop error: timed out
2026-05-29 13:10:55,424 [ERROR] [R-UDP] Loop error: timed out
2026-05-29 13:10:58,426 [ERROR] [R-UDP] Loop error: timed out
2026-05-29 13:11:01,429 [ERROR] [R-UDP] Loop error: timed out
2026-05-29 13:11:04,434 [ERROR] [R-UDP] Loop error: timed out
2026-05-29 13:11:07,440 [ERROR] [R-UDP] Loop error: timed out
2026-05-29 13:11:10,446 [ERROR] [R-UDP] Loop error: timed out
2026-05-29 13:11:13,451 [ERROR] [R-UDP] Loop error: timed out
2026-05-29 13:11:16,455 [ERROR] [R-UDP] Loop error: timed out
2026-05-29 13:11:19,462 [ERROR] [R-UDP] Loop error: timed out
2026-05-29 13:11:22,469 [ERROR] [R-UDP] Loop error: timed out
2026-05-29 13:11:25,354 [ERROR] [R-UDP] Loop error: timed out
2026-05-29 13:11:28,356 [ERROR] [R-UDP] Loop error: timed out
2026-05-29 13:11:31,360 [ERROR] [R-UDP] Loop error: timed out
2026-05-29 13:11:34,364 [ERROR] [R-UDP] Loop error: timed out
2026-05-29 13:11:37,368 [ERROR] [R-UDP] Loop error: timed out
2026-05-29 13:11:40,375 [ERROR] [R-UDP] Loop error: timed out
2026-05-29 13:11:43,389 [ERROR] [R-UDP] Loop error: timed out
2026-05-29 13:11:46,401 [ERROR] [R-UDP] Loop error: timed out
2026-05-29 13:11:49,414 [ERROR] [R-UDP] Loop error: timed out
2026-05-29 13:11:50,693 [INFO] [TCP] Done: {'protocol': 'TCP', 'bytes_received': 10485760, 'elapsed_sec': 477.5027, 'throughput_mbps': 0.1757, 'auth': '20261005083:Luiz Nelson dos Santos Lima'}
2026-05-29 13:11:52,419 [ERROR] [R-UDP] Loop error: timed out
2026-05-29 13:11:55,293 [ERROR] [R-UDP] Loop error: timed out
2026-05-29 13:11:58,295 [ERROR] [R-UDP] Loop error: timed out
2026-05-29 13:11:59,281 [INFO] [R-UDP] Transfer from ('172.20.0.20', 58621) | Auth: 20261005083:Luiz Nelson dos Santos Lima | Size: 10485760
2026-05-29 13:19:26,331 [INFO] [R-UDP] FIN received (seq=10241)
2026-05-29 13:19:26,332 [INFO] [R-UDP] Done: {'protocol': 'R-UDP', 'bytes_received': 0, 'elapsed_sec': 448.9755, 'throughput_mbps': 0.0, 'corrupt_packets': 0, 'auth': '20261005083:Luiz Nelson dos Santos Lima'}
2026-05-29 13:19:29,534 [ERROR] [R-UDP] Loop error: timed out
2026-05-29 13:19:32,538 [ERROR] [R-UDP] Loop error: timed out
2026-05-29 13:19:35,539 [ERROR] [R-UDP] Loop error: timed out
2026-05-29 13:19:37,011 [INFO] [TCP] Connection from ('172.20.0.20', 60428)
2026-05-29 13:19:37,011 [INFO] [TCP] Auth: 20261005083:Luiz Nelson dos Santos Lima | File: testfile.bin | Size: 10485760
2026-05-29 13:19:38,544 [ERROR] [R-UDP] Loop error: timed out
2026-05-29 13:19:41,549 [ERROR] [R-UDP] Loop error: timed out
2026-05-29 13:19:44,553 [ERROR] [R-UDP] Loop error: timed out
2026-05-29 13:19:47,560 [ERROR] [R-UDP] Loop error: timed out
2026-05-29 13:19:50,567 [ERROR] [R-UDP] Loop error: timed out
2026-05-29 13:19:53,448 [ERROR] [R-UDP] Loop error: timed out
2026-05-29 13:19:56,449 [ERROR] [R-UDP] Loop error: timed out
2026-05-29 13:19:59,451 [ERROR] [R-UDP] Loop error: timed out
2026-05-29 13:20:02,456 [ERROR] [R-UDP] Loop error: timed out
2026-05-29 13:20:05,461 [ERROR] [R-UDP] Loop error: timed out
2026-05-29 13:20:08,465 [ERROR] [R-UDP] Loop error: timed out
2026-05-29 13:20:11,467 [ERROR] [R-UDP] Loop error: timed out
2026-05-29 13:20:14,476 [ERROR] [R-UDP] Loop error: timed out
2026-05-29 13:20:17,489 [ERROR] [R-UDP] Loop error: timed out
2026-05-29 13:20:20,497 [ERROR] [R-UDP] Loop error: timed out
2026-05-29 13:20:23,372 [ERROR] [R-UDP] Loop error: timed out
2026-05-29 13:20:26,376 [ERROR] [R-UDP] Loop error: timed out
2026-05-29 13:20:29,378 [ERROR] [R-UDP] Loop error: timed out
2026-05-29 13:20:32,383 [ERROR] [R-UDP] Loop error: timed out
2026-05-29 13:20:35,396 [ERROR] [R-UDP] Loop error: timed out
2026-05-29 13:20:38,405 [ERROR] [R-UDP] Loop error: timed out
2026-05-29 13:20:41,410 [ERROR] [R-UDP] Loop error: timed out
2026-05-29 13:20:44,435 [ERROR] [R-UDP] Loop error: timed out
2026-05-29 13:20:47,441 [ERROR] [R-UDP] Loop error: timed out
2026-05-29 13:20:50,448 [ERROR] [R-UDP] Loop error: timed out
2026-05-29 13:20:53,334 [ERROR] [R-UDP] Loop error: timed out
2026-05-29 13:20:56,350 [ERROR] [R-UDP] Loop error: timed out
2026-05-29 13:20:59,373 [ERROR] [R-UDP] Loop error: timed out
2026-05-29 13:21:02,378 [ERROR] [R-UDP] Loop error: timed out
2026-05-29 13:21:05,391 [ERROR] [R-UDP] Loop error: timed out
2026-05-29 13:21:08,395 [ERROR] [R-UDP] Loop error: timed out
2026-05-29 13:21:11,399 [ERROR] [R-UDP] Loop error: timed out
2026-05-29 13:21:14,403 [ERROR] [R-UDP] Loop error: timed out
2026-05-29 13:21:17,404 [ERROR] [R-UDP] Loop error: timed out
2026-05-29 13:21:20,408 [ERROR] [R-UDP] Loop error: timed out
2026-05-29 13:21:23,440 [ERROR] [R-UDP] Loop error: timed out
2026-05-29 13:21:26,443 [ERROR] [R-UDP] Loop error: timed out
2026-05-29 13:21:29,446 [ERROR] [R-UDP] Loop error: timed out
2026-05-29 13:21:32,451 [ERROR] [R-UDP] Loop error: timed out
2026-05-29 13:21:35,458 [ERROR] [R-UDP] Loop error: timed out
2026-05-29 13:21:38,464 [ERROR] [R-UDP] Loop error: timed out
2026-05-29 13:21:41,471 [ERROR] [R-UDP] Loop error: timed out
2026-05-29 13:21:44,478 [ERROR] [R-UDP] Loop error: timed out
2026-05-29 13:21:47,483 [ERROR] [R-UDP] Loop error: timed out
2026-05-29 13:21:50,489 [ERROR] [R-UDP] Loop error: timed out
2026-05-29 13:21:53,361 [ERROR] [R-UDP] Loop error: timed out
2026-05-29 13:21:56,365 [ERROR] [R-UDP] Loop error: timed out
2026-05-29 13:21:59,369 [ERROR] [R-UDP] Loop error: timed out
2026-05-29 13:22:02,373 [ERROR] [R-UDP] Loop error: timed out
2026-05-29 13:22:05,377 [ERROR] [R-UDP] Loop error: timed out
2026-05-29 13:22:08,383 [ERROR] [R-UDP] Loop error: timed out
2026-05-29 13:22:11,389 [ERROR] [R-UDP] Loop error: timed out
2026-05-29 13:22:14,394 [ERROR] [R-UDP] Loop error: timed out
2026-05-29 13:22:17,399 [ERROR] [R-UDP] Loop error: timed out
2026-05-29 13:22:20,405 [ERROR] [R-UDP] Loop error: timed out
2026-05-29 13:22:23,292 [ERROR] [R-UDP] Loop error: timed out
2026-05-29 13:22:26,295 [ERROR] [R-UDP] Loop error: timed out
2026-05-29 13:22:29,300 [ERROR] [R-UDP] Loop error: timed out
2026-05-29 13:22:32,304 [ERROR] [R-UDP] Loop error: timed out
2026-05-29 13:22:35,308 [ERROR] [R-UDP] Loop error: timed out
2026-05-29 13:22:38,312 [ERROR] [R-UDP] Loop error: timed out
2026-05-29 13:22:41,317 [ERROR] [R-UDP] Loop error: timed out
2026-05-29 13:22:44,322 [ERROR] [R-UDP] Loop error: timed out
2026-05-29 13:22:47,326 [ERROR] [R-UDP] Loop error: timed out
2026-05-29 13:22:50,332 [ERROR] [R-UDP] Loop error: timed out
2026-05-29 13:22:53,218 [ERROR] [R-UDP] Loop error: timed out
2026-05-29 13:22:56,221 [ERROR] [R-UDP] Loop error: timed out
2026-05-29 13:22:59,226 [ERROR] [R-UDP] Loop error: timed out
2026-05-29 13:23:02,230 [ERROR] [R-UDP] Loop error: timed out
2026-05-29 13:23:05,234 [ERROR] [R-UDP] Loop error: timed out
2026-05-29 13:23:08,239 [ERROR] [R-UDP] Loop error: timed out
2026-05-29 13:23:11,242 [ERROR] [R-UDP] Loop error: timed out
2026-05-29 13:23:14,249 [ERROR] [R-UDP] Loop error: timed out
2026-05-29 13:23:17,254 [ERROR] [R-UDP] Loop error: timed out
2026-05-29 13:23:20,258 [ERROR] [R-UDP] Loop error: timed out
2026-05-29 13:23:23,146 [ERROR] [R-UDP] Loop error: timed out
2026-05-29 13:23:26,149 [ERROR] [R-UDP] Loop error: timed out
2026-05-29 13:23:29,154 [ERROR] [R-UDP] Loop error: timed out
2026-05-29 13:23:32,158 [ERROR] [R-UDP] Loop error: timed out
2026-05-29 13:23:35,163 [ERROR] [R-UDP] Loop error: timed out
2026-05-29 13:23:38,168 [ERROR] [R-UDP] Loop error: timed out
2026-05-29 13:23:41,173 [ERROR] [R-UDP] Loop error: timed out
2026-05-29 13:23:44,177 [ERROR] [R-UDP] Loop error: timed out
2026-05-29 13:23:47,185 [ERROR] [R-UDP] Loop error: timed out
2026-05-29 13:23:50,191 [ERROR] [R-UDP] Loop error: timed out
2026-05-29 13:23:53,073 [ERROR] [R-UDP] Loop error: timed out
2026-05-29 13:23:56,077 [ERROR] [R-UDP] Loop error: timed out
2026-05-29 13:23:59,081 [ERROR] [R-UDP] Loop error: timed out
2026-05-29 13:24:02,086 [ERROR] [R-UDP] Loop error: timed out
2026-05-29 13:24:05,091 [ERROR] [R-UDP] Loop error: timed out
2026-05-29 13:24:08,097 [ERROR] [R-UDP] Loop error: timed out
2026-05-29 13:24:11,109 [ERROR] [R-UDP] Loop error: timed out
2026-05-29 13:24:14,117 [ERROR] [R-UDP] Loop error: timed out
2026-05-29 13:24:17,122 [ERROR] [R-UDP] Loop error: timed out
2026-05-29 13:24:20,129 [ERROR] [R-UDP] Loop error: timed out
2026-05-29 13:24:23,017 [ERROR] [R-UDP] Loop error: timed out
2026-05-29 13:24:26,020 [ERROR] [R-UDP] Loop error: timed out
2026-05-29 13:24:29,024 [ERROR] [R-UDP] Loop error: timed out
2026-05-29 13:24:32,029 [ERROR] [R-UDP] Loop error: timed out
2026-05-29 13:24:35,036 [ERROR] [R-UDP] Loop error: timed out
2026-05-29 13:24:38,042 [ERROR] [R-UDP] Loop error: timed out
2026-05-29 13:24:41,047 [ERROR] [R-UDP] Loop error: timed out
2026-05-29 13:24:44,051 [ERROR] [R-UDP] Loop error: timed out
2026-05-29 13:24:47,056 [ERROR] [R-UDP] Loop error: timed out
2026-05-29 13:24:50,061 [ERROR] [R-UDP] Loop error: timed out
2026-05-29 13:24:52,947 [ERROR] [R-UDP] Loop error: timed out
2026-05-29 13:24:55,950 [ERROR] [R-UDP] Loop error: timed out
2026-05-29 13:24:58,954 [ERROR] [R-UDP] Loop error: timed out
2026-05-29 13:25:01,959 [ERROR] [R-UDP] Loop error: timed out
2026-05-29 13:25:04,964 [ERROR] [R-UDP] Loop error: timed out
2026-05-29 13:25:07,969 [ERROR] [R-UDP] Loop error: timed out
2026-05-29 13:25:10,974 [ERROR] [R-UDP] Loop error: timed out
2026-05-29 13:25:13,978 [ERROR] [R-UDP] Loop error: timed out
2026-05-29 13:25:16,983 [ERROR] [R-UDP] Loop error: timed out
2026-05-29 13:25:19,987 [ERROR] [R-UDP] Loop error: timed out
2026-05-29 13:25:22,874 [ERROR] [R-UDP] Loop error: timed out
2026-05-29 13:25:25,878 [ERROR] [R-UDP] Loop error: timed out
2026-05-29 13:25:28,882 [ERROR] [R-UDP] Loop error: timed out
2026-05-29 13:25:31,887 [ERROR] [R-UDP] Loop error: timed out
2026-05-29 13:25:34,894 [ERROR] [R-UDP] Loop error: timed out
2026-05-29 13:25:37,900 [ERROR] [R-UDP] Loop error: timed out
2026-05-29 13:25:40,904 [ERROR] [R-UDP] Loop error: timed out
2026-05-29 13:25:43,909 [ERROR] [R-UDP] Loop error: timed out
2026-05-29 13:25:46,913 [ERROR] [R-UDP] Loop error: timed out
2026-05-29 13:25:49,919 [ERROR] [R-UDP] Loop error: timed out
2026-05-29 13:25:52,806 [ERROR] [R-UDP] Loop error: timed out
2026-05-29 13:25:55,809 [ERROR] [R-UDP] Loop error: timed out
2026-05-29 13:25:58,814 [ERROR] [R-UDP] Loop error: timed out
2026-05-29 13:26:01,818 [ERROR] [R-UDP] Loop error: timed out
2026-05-29 13:26:04,822 [ERROR] [R-UDP] Loop error: timed out
2026-05-29 13:26:07,827 [ERROR] [R-UDP] Loop error: timed out
2026-05-29 13:26:10,832 [ERROR] [R-UDP] Loop error: timed out
2026-05-29 13:26:13,837 [ERROR] [R-UDP] Loop error: timed out
2026-05-29 13:26:16,844 [ERROR] [R-UDP] Loop error: timed out
2026-05-29 13:26:19,848 [ERROR] [R-UDP] Loop error: timed out
2026-05-29 13:26:22,730 [ERROR] [R-UDP] Loop error: timed out
2026-05-29 13:26:25,733 [ERROR] [R-UDP] Loop error: timed out
2026-05-29 13:26:28,738 [ERROR] [R-UDP] Loop error: timed out
2026-05-29 13:26:31,742 [ERROR] [R-UDP] Loop error: timed out
2026-05-29 13:26:34,747 [ERROR] [R-UDP] Loop error: timed out
2026-05-29 13:26:37,752 [ERROR] [R-UDP] Loop error: timed out
2026-05-29 13:26:40,757 [ERROR] [R-UDP] Loop error: timed out
2026-05-29 13:26:43,762 [ERROR] [R-UDP] Loop error: timed out
2026-05-29 13:26:46,767 [ERROR] [R-UDP] Loop error: timed out
2026-05-29 13:26:49,771 [ERROR] [R-UDP] Loop error: timed out
2026-05-29 13:26:52,656 [ERROR] [R-UDP] Loop error: timed out
2026-05-29 13:26:55,659 [ERROR] [R-UDP] Loop error: timed out
2026-05-29 13:26:58,662 [ERROR] [R-UDP] Loop error: timed out
2026-05-29 13:27:01,667 [ERROR] [R-UDP] Loop error: timed out
2026-05-29 13:27:04,674 [ERROR] [R-UDP] Loop error: timed out
2026-05-29 13:27:07,679 [ERROR] [R-UDP] Loop error: timed out
2026-05-29 13:27:10,687 [ERROR] [R-UDP] Loop error: timed out
2026-05-29 13:27:13,692 [ERROR] [R-UDP] Loop error: timed out
2026-05-29 13:27:16,696 [ERROR] [R-UDP] Loop error: timed out
2026-05-29 13:27:19,697 [ERROR] [R-UDP] Loop error: timed out
2026-05-29 13:27:22,588 [ERROR] [R-UDP] Loop error: timed out
2026-05-29 13:27:25,591 [ERROR] [R-UDP] Loop error: timed out
2026-05-29 13:27:28,596 [ERROR] [R-UDP] Loop error: timed out
2026-05-29 13:27:31,600 [ERROR] [R-UDP] Loop error: timed out
2026-05-29 13:27:34,607 [ERROR] [R-UDP] Loop error: timed out
2026-05-29 13:27:37,612 [ERROR] [R-UDP] Loop error: timed out
2026-05-29 13:27:40,617 [ERROR] [R-UDP] Loop error: timed out
2026-05-29 13:27:43,623 [ERROR] [R-UDP] Loop error: timed out
2026-05-29 13:27:45,847 [INFO] [TCP] Done: {'protocol': 'TCP', 'bytes_received': 10485760, 'elapsed_sec': 490.6055, 'throughput_mbps': 0.171, 'auth': '20261005083:Luiz Nelson dos Santos Lima'}
2026-05-29 13:27:46,628 [ERROR] [R-UDP] Loop error: timed out
2026-05-29 13:27:49,632 [ERROR] [R-UDP] Loop error: timed out
2026-05-29 13:27:52,515 [ERROR] [R-UDP] Loop error: timed out
2026-05-29 13:27:54,134 [INFO] [R-UDP] Transfer from ('172.20.0.20', 35091) | Auth: 20261005083:Luiz Nelson dos Santos Lima | Size: 10485760
2026-05-29 13:35:27,572 [INFO] [R-UDP] FIN received (seq=10241)
2026-05-29 13:35:27,573 [INFO] [R-UDP] Done: {'protocol': 'R-UDP', 'bytes_received': 0, 'elapsed_sec': 455.1685, 'throughput_mbps': 0.0, 'corrupt_packets': 0, 'auth': '20261005083:Luiz Nelson dos Santos Lima'}
2026-05-29 13:35:30,776 [ERROR] [R-UDP] Loop error: timed out
2026-05-29 13:35:33,780 [ERROR] [R-UDP] Loop error: timed out
2026-05-29 13:35:36,785 [ERROR] [R-UDP] Loop error: timed out
2026-05-29 13:35:39,792 [ERROR] [R-UDP] Loop error: timed out
2026-05-29 13:35:40,556 [INFO] [TCP] Connection from ('172.20.0.20', 44260)
2026-05-29 13:35:40,556 [INFO] [TCP] Auth: 20261005083:Luiz Nelson dos Santos Lima | File: testfile.bin | Size: 10485760
2026-05-29 13:35:42,797 [ERROR] [R-UDP] Loop error: timed out
2026-05-29 13:35:45,806 [ERROR] [R-UDP] Loop error: timed out
2026-05-29 13:35:48,813 [ERROR] [R-UDP] Loop error: timed out
2026-05-29 13:35:51,705 [ERROR] [R-UDP] Loop error: timed out
2026-05-29 13:35:54,708 [ERROR] [R-UDP] Loop error: timed out
2026-05-29 13:35:57,712 [ERROR] [R-UDP] Loop error: timed out
2026-05-29 13:36:00,714 [ERROR] [R-UDP] Loop error: timed out
2026-05-29 13:36:03,721 [ERROR] [R-UDP] Loop error: timed out
2026-05-29 13:36:06,726 [ERROR] [R-UDP] Loop error: timed out
2026-05-29 13:36:09,731 [ERROR] [R-UDP] Loop error: timed out
2026-05-29 13:36:12,739 [ERROR] [R-UDP] Loop error: timed out
2026-05-29 13:36:15,743 [ERROR] [R-UDP] Loop error: timed out
2026-05-29 13:36:18,753 [ERROR] [R-UDP] Loop error: timed out
2026-05-29 13:36:21,645 [ERROR] [R-UDP] Loop error: timed out
2026-05-29 13:36:24,649 [ERROR] [R-UDP] Loop error: timed out
2026-05-29 13:36:27,653 [ERROR] [R-UDP] Loop error: timed out
2026-05-29 13:36:30,654 [ERROR] [R-UDP] Loop error: timed out
2026-05-29 13:36:33,658 [ERROR] [R-UDP] Loop error: timed out
2026-05-29 13:36:36,668 [ERROR] [R-UDP] Loop error: timed out
2026-05-29 13:36:39,672 [ERROR] [R-UDP] Loop error: timed out
2026-05-29 13:36:42,682 [ERROR] [R-UDP] Loop error: timed out
2026-05-29 13:36:45,687 [ERROR] [R-UDP] Loop error: timed out
2026-05-29 13:36:48,697 [ERROR] [R-UDP] Loop error: timed out
2026-05-29 13:36:51,588 [ERROR] [R-UDP] Loop error: timed out
2026-05-29 13:36:54,592 [ERROR] [R-UDP] Loop error: timed out
2026-05-29 13:36:57,596 [ERROR] [R-UDP] Loop error: timed out
2026-05-29 13:37:00,601 [ERROR] [R-UDP] Loop error: timed out
2026-05-29 13:37:03,606 [ERROR] [R-UDP] Loop error: timed out
2026-05-29 13:37:06,611 [ERROR] [R-UDP] Loop error: timed out
2026-05-29 13:37:09,616 [ERROR] [R-UDP] Loop error: timed out
2026-05-29 13:37:12,625 [ERROR] [R-UDP] Loop error: timed out
2026-05-29 13:37:15,629 [ERROR] [R-UDP] Loop error: timed out
2026-05-29 13:37:18,638 [ERROR] [R-UDP] Loop error: timed out
2026-05-29 13:37:21,529 [ERROR] [R-UDP] Loop error: timed out
2026-05-29 13:37:24,533 [ERROR] [R-UDP] Loop error: timed out
2026-05-29 13:37:27,537 [ERROR] [R-UDP] Loop error: timed out
2026-05-29 13:37:30,543 [ERROR] [R-UDP] Loop error: timed out
2026-05-29 13:37:33,548 [ERROR] [R-UDP] Loop error: timed out
2026-05-29 13:37:36,552 [ERROR] [R-UDP] Loop error: timed out
2026-05-29 13:37:39,556 [ERROR] [R-UDP] Loop error: timed out
2026-05-29 13:37:42,563 [ERROR] [R-UDP] Loop error: timed out
2026-05-29 13:37:45,568 [ERROR] [R-UDP] Loop error: timed out
2026-05-29 13:37:48,573 [ERROR] [R-UDP] Loop error: timed out
2026-05-29 13:37:51,458 [ERROR] [R-UDP] Loop error: timed out
2026-05-29 13:37:54,461 [ERROR] [R-UDP] Loop error: timed out
2026-05-29 13:37:57,465 [ERROR] [R-UDP] Loop error: timed out
2026-05-29 13:38:00,471 [ERROR] [R-UDP] Loop error: timed out
2026-05-29 13:38:03,476 [ERROR] [R-UDP] Loop error: timed out
2026-05-29 13:38:06,482 [ERROR] [R-UDP] Loop error: timed out
2026-05-29 13:38:09,490 [ERROR] [R-UDP] Loop error: timed out
2026-05-29 13:38:12,498 [ERROR] [R-UDP] Loop error: timed out
2026-05-29 13:38:15,506 [ERROR] [R-UDP] Loop error: timed out
2026-05-29 13:38:18,511 [ERROR] [R-UDP] Loop error: timed out
2026-05-29 13:38:21,397 [ERROR] [R-UDP] Loop error: timed out
2026-05-29 13:38:24,398 [ERROR] [R-UDP] Loop error: timed out
2026-05-29 13:38:27,403 [ERROR] [R-UDP] Loop error: timed out
2026-05-29 13:38:30,410 [ERROR] [R-UDP] Loop error: timed out
2026-05-29 13:38:33,414 [ERROR] [R-UDP] Loop error: timed out
2026-05-29 13:38:36,422 [ERROR] [R-UDP] Loop error: timed out
2026-05-29 13:38:39,434 [ERROR] [R-UDP] Loop error: timed out
2026-05-29 13:38:42,439 [ERROR] [R-UDP] Loop error: timed out
2026-05-29 13:38:45,444 [ERROR] [R-UDP] Loop error: timed out
2026-05-29 13:38:48,449 [ERROR] [R-UDP] Loop error: timed out
2026-05-29 13:38:51,339 [ERROR] [R-UDP] Loop error: timed out
2026-05-29 13:38:54,341 [ERROR] [R-UDP] Loop error: timed out
2026-05-29 13:38:57,346 [ERROR] [R-UDP] Loop error: timed out
2026-05-29 13:39:00,354 [ERROR] [R-UDP] Loop error: timed out
2026-05-29 13:39:03,358 [ERROR] [R-UDP] Loop error: timed out
2026-05-29 13:39:06,364 [ERROR] [R-UDP] Loop error: timed out
2026-05-29 13:39:09,368 [ERROR] [R-UDP] Loop error: timed out
2026-05-29 13:39:12,374 [ERROR] [R-UDP] Loop error: timed out
2026-05-29 13:39:15,379 [ERROR] [R-UDP] Loop error: timed out
2026-05-29 13:39:18,384 [ERROR] [R-UDP] Loop error: timed out
2026-05-29 13:39:21,273 [ERROR] [R-UDP] Loop error: timed out
2026-05-29 13:39:24,274 [ERROR] [R-UDP] Loop error: timed out
2026-05-29 13:39:27,279 [ERROR] [R-UDP] Loop error: timed out
2026-05-29 13:39:30,286 [ERROR] [R-UDP] Loop error: timed out
2026-05-29 13:39:33,292 [ERROR] [R-UDP] Loop error: timed out
2026-05-29 13:39:36,310 [ERROR] [R-UDP] Loop error: timed out
2026-05-29 13:39:39,326 [ERROR] [R-UDP] Loop error: timed out
2026-05-29 13:39:42,332 [ERROR] [R-UDP] Loop error: timed out
2026-05-29 13:39:45,337 [ERROR] [R-UDP] Loop error: timed out
2026-05-29 13:39:48,349 [ERROR] [R-UDP] Loop error: timed out
2026-05-29 13:39:51,244 [ERROR] [R-UDP] Loop error: timed out
2026-05-29 13:39:54,247 [ERROR] [R-UDP] Loop error: timed out
2026-05-29 13:39:57,252 [ERROR] [R-UDP] Loop error: timed out
2026-05-29 13:40:00,260 [ERROR] [R-UDP] Loop error: timed out
2026-05-29 13:40:03,268 [ERROR] [R-UDP] Loop error: timed out
2026-05-29 13:40:06,280 [ERROR] [R-UDP] Loop error: timed out
2026-05-29 13:40:09,284 [ERROR] [R-UDP] Loop error: timed out
2026-05-29 13:40:12,292 [ERROR] [R-UDP] Loop error: timed out
2026-05-29 13:40:15,300 [ERROR] [R-UDP] Loop error: timed out
2026-05-29 13:40:18,308 [ERROR] [R-UDP] Loop error: timed out
2026-05-29 13:40:21,197 [ERROR] [R-UDP] Loop error: timed out
2026-05-29 13:40:24,201 [ERROR] [R-UDP] Loop error: timed out
2026-05-29 13:40:27,206 [ERROR] [R-UDP] Loop error: timed out
2026-05-29 13:40:30,211 [ERROR] [R-UDP] Loop error: timed out
2026-05-29 13:40:33,215 [ERROR] [R-UDP] Loop error: timed out
2026-05-29 13:40:36,220 [ERROR] [R-UDP] Loop error: timed out
2026-05-29 13:40:39,225 [ERROR] [R-UDP] Loop error: timed out
2026-05-29 13:40:42,231 [ERROR] [R-UDP] Loop error: timed out
2026-05-29 13:40:45,238 [ERROR] [R-UDP] Loop error: timed out
2026-05-29 13:40:48,243 [ERROR] [R-UDP] Loop error: timed out
2026-05-29 13:40:51,132 [ERROR] [R-UDP] Loop error: timed out
2026-05-29 13:40:54,136 [ERROR] [R-UDP] Loop error: timed out
2026-05-29 13:40:57,141 [ERROR] [R-UDP] Loop error: timed out
2026-05-29 13:41:00,146 [ERROR] [R-UDP] Loop error: timed out
2026-05-29 13:41:03,150 [ERROR] [R-UDP] Loop error: timed out
2026-05-29 13:41:06,159 [ERROR] [R-UDP] Loop error: timed out
2026-05-29 13:41:09,164 [ERROR] [R-UDP] Loop error: timed out
2026-05-29 13:41:12,169 [ERROR] [R-UDP] Loop error: timed out
2026-05-29 13:41:15,179 [ERROR] [R-UDP] Loop error: timed out
2026-05-29 13:41:18,183 [ERROR] [R-UDP] Loop error: timed out
2026-05-29 13:41:21,083 [ERROR] [R-UDP] Loop error: timed out
2026-05-29 13:41:24,086 [ERROR] [R-UDP] Loop error: timed out
2026-05-29 13:41:27,090 [ERROR] [R-UDP] Loop error: timed out
2026-05-29 13:41:30,097 [ERROR] [R-UDP] Loop error: timed out
2026-05-29 13:41:33,102 [ERROR] [R-UDP] Loop error: timed out
2026-05-29 13:41:36,106 [ERROR] [R-UDP] Loop error: timed out
2026-05-29 13:41:39,112 [ERROR] [R-UDP] Loop error: timed out
2026-05-29 13:41:42,117 [ERROR] [R-UDP] Loop error: timed out
2026-05-29 13:41:45,124 [ERROR] [R-UDP] Loop error: timed out
2026-05-29 13:41:48,130 [ERROR] [R-UDP] Loop error: timed out
2026-05-29 13:41:51,024 [ERROR] [R-UDP] Loop error: timed out
2026-05-29 13:41:54,028 [ERROR] [R-UDP] Loop error: timed out
2026-05-29 13:41:57,033 [ERROR] [R-UDP] Loop error: timed out
2026-05-29 13:42:00,039 [ERROR] [R-UDP] Loop error: timed out
2026-05-29 13:42:03,045 [ERROR] [R-UDP] Loop error: timed out
2026-05-29 13:42:06,049 [ERROR] [R-UDP] Loop error: timed out
2026-05-29 13:42:09,056 [ERROR] [R-UDP] Loop error: timed out
2026-05-29 13:42:12,060 [ERROR] [R-UDP] Loop error: timed out
2026-05-29 13:42:15,067 [ERROR] [R-UDP] Loop error: timed out
2026-05-29 13:42:17,971 [ERROR] [R-UDP] Loop error: timed out
2026-05-29 13:42:20,972 [ERROR] [R-UDP] Loop error: timed out
2026-05-29 13:42:23,976 [ERROR] [R-UDP] Loop error: timed out
2026-05-29 13:42:26,980 [ERROR] [R-UDP] Loop error: timed out
2026-05-29 13:42:29,986 [ERROR] [R-UDP] Loop error: timed out
2026-05-29 13:42:32,990 [ERROR] [R-UDP] Loop error: timed out
2026-05-29 13:42:35,995 [ERROR] [R-UDP] Loop error: timed out
2026-05-29 13:42:39,002 [ERROR] [R-UDP] Loop error: timed out
2026-05-29 13:42:42,004 [ERROR] [R-UDP] Loop error: timed out
2026-05-29 13:42:45,011 [ERROR] [R-UDP] Loop error: timed out
2026-05-29 13:42:47,913 [ERROR] [R-UDP] Loop error: timed out
2026-05-29 13:42:50,915 [ERROR] [R-UDP] Loop error: timed out
2026-05-29 13:42:53,919 [ERROR] [R-UDP] Loop error: timed out
2026-05-29 13:42:56,924 [ERROR] [R-UDP] Loop error: timed out
2026-05-29 13:42:59,929 [ERROR] [R-UDP] Loop error: timed out
2026-05-29 13:43:02,935 [ERROR] [R-UDP] Loop error: timed out
2026-05-29 13:43:05,939 [ERROR] [R-UDP] Loop error: timed out
2026-05-29 13:43:08,944 [ERROR] [R-UDP] Loop error: timed out
2026-05-29 13:43:11,950 [ERROR] [R-UDP] Loop error: timed out
2026-05-29 13:43:14,957 [ERROR] [R-UDP] Loop error: timed out
2026-05-29 13:43:17,853 [ERROR] [R-UDP] Loop error: timed out
2026-05-29 13:43:20,856 [ERROR] [R-UDP] Loop error: timed out
2026-05-29 13:43:23,860 [ERROR] [R-UDP] Loop error: timed out
2026-05-29 13:43:26,867 [ERROR] [R-UDP] Loop error: timed out
2026-05-29 13:43:29,872 [ERROR] [R-UDP] Loop error: timed out
2026-05-29 13:43:32,879 [ERROR] [R-UDP] Loop error: timed out
2026-05-29 13:43:34,344 [INFO] [TCP] Done: {'protocol': 'TCP', 'bytes_received': 10485760, 'elapsed_sec': 475.5689, 'throughput_mbps': 0.1764, 'auth': '20261005083:Luiz Nelson dos Santos Lima'}
2026-05-29 13:43:35,883 [ERROR] [R-UDP] Loop error: timed out
2026-05-29 13:43:38,888 [ERROR] [R-UDP] Loop error: timed out
2026-05-29 13:43:41,890 [ERROR] [R-UDP] Loop error: timed out
2026-05-29 13:43:43,990 [INFO] [R-UDP] Transfer from ('172.20.0.20', 48963) | Auth: 20261005083:Luiz Nelson dos Santos Lima | Size: 10485760
2026-05-29 13:51:27,165 [INFO] [R-UDP] FIN received (seq=10241)
2026-05-29 13:51:27,166 [INFO] [R-UDP] Done: {'protocol': 'R-UDP', 'bytes_received': 0, 'elapsed_sec': 464.8032, 'throughput_mbps': 0.0, 'corrupt_packets': 0, 'auth': '20261005083:Luiz Nelson dos Santos Lima'}
2026-05-29 13:51:30,375 [ERROR] [R-UDP] Loop error: timed out
2026-05-29 13:51:33,383 [ERROR] [R-UDP] Loop error: timed out
2026-05-29 13:51:36,391 [ERROR] [R-UDP] Loop error: timed out
2026-05-29 13:51:39,398 [ERROR] [R-UDP] Loop error: timed out
2026-05-29 13:51:39,578 [INFO] [TCP] Connection from ('172.20.0.20', 44304)
2026-05-29 13:51:39,579 [INFO] [TCP] Auth: 20261005083:Luiz Nelson dos Santos Lima | File: testfile.bin | Size: 10485760
2026-05-29 13:51:42,404 [ERROR] [R-UDP] Loop error: timed out
2026-05-29 13:51:45,410 [ERROR] [R-UDP] Loop error: timed out
2026-05-29 13:51:48,304 [ERROR] [R-UDP] Loop error: timed out
2026-05-29 13:51:51,309 [ERROR] [R-UDP] Loop error: timed out
2026-05-29 13:51:54,313 [ERROR] [R-UDP] Loop error: timed out
2026-05-29 13:51:57,318 [ERROR] [R-UDP] Loop error: timed out
2026-05-29 13:52:00,322 [ERROR] [R-UDP] Loop error: timed out
2026-05-29 13:52:03,326 [ERROR] [R-UDP] Loop error: timed out
2026-05-29 13:52:06,331 [ERROR] [R-UDP] Loop error: timed out
2026-05-29 13:52:09,337 [ERROR] [R-UDP] Loop error: timed out
2026-05-29 13:52:12,344 [ERROR] [R-UDP] Loop error: timed out
2026-05-29 13:52:15,351 [ERROR] [R-UDP] Loop error: timed out
2026-05-29 13:52:18,250 [ERROR] [R-UDP] Loop error: timed out
2026-05-29 13:52:21,251 [ERROR] [R-UDP] Loop error: timed out
2026-05-29 13:52:24,255 [ERROR] [R-UDP] Loop error: timed out
2026-05-29 13:52:27,260 [ERROR] [R-UDP] Loop error: timed out
2026-05-29 13:52:30,266 [ERROR] [R-UDP] Loop error: timed out
2026-05-29 13:52:33,272 [ERROR] [R-UDP] Loop error: timed out
2026-05-29 13:52:36,278 [ERROR] [R-UDP] Loop error: timed out
2026-05-29 13:52:39,283 [ERROR] [R-UDP] Loop error: timed out
2026-05-29 13:52:42,289 [ERROR] [R-UDP] Loop error: timed out
2026-05-29 13:52:45,296 [ERROR] [R-UDP] Loop error: timed out
2026-05-29 13:52:48,194 [ERROR] [R-UDP] Loop error: timed out
2026-05-29 13:52:51,198 [ERROR] [R-UDP] Loop error: timed out
2026-05-29 13:52:54,202 [ERROR] [R-UDP] Loop error: timed out
2026-05-29 13:52:57,206 [ERROR] [R-UDP] Loop error: timed out
2026-05-29 13:53:00,211 [ERROR] [R-UDP] Loop error: timed out
2026-05-29 13:53:03,216 [ERROR] [R-UDP] Loop error: timed out
2026-05-29 13:53:06,220 [ERROR] [R-UDP] Loop error: timed out
2026-05-29 13:53:09,224 [ERROR] [R-UDP] Loop error: timed out
2026-05-29 13:53:12,230 [ERROR] [R-UDP] Loop error: timed out
2026-05-29 13:53:15,237 [ERROR] [R-UDP] Loop error: timed out
2026-05-29 13:53:18,133 [ERROR] [R-UDP] Loop error: timed out
2026-05-29 13:53:21,137 [ERROR] [R-UDP] Loop error: timed out
2026-05-29 13:53:24,140 [ERROR] [R-UDP] Loop error: timed out
2026-05-29 13:53:27,146 [ERROR] [R-UDP] Loop error: timed out
2026-05-29 13:53:30,151 [ERROR] [R-UDP] Loop error: timed out
2026-05-29 13:53:33,161 [ERROR] [R-UDP] Loop error: timed out
2026-05-29 13:53:36,170 [ERROR] [R-UDP] Loop error: timed out
2026-05-29 13:53:39,175 [ERROR] [R-UDP] Loop error: timed out
2026-05-29 13:53:42,181 [ERROR] [R-UDP] Loop error: timed out
2026-05-29 13:53:45,190 [ERROR] [R-UDP] Loop error: timed out
2026-05-29 13:53:48,087 [ERROR] [R-UDP] Loop error: timed out
2026-05-29 13:53:51,091 [ERROR] [R-UDP] Loop error: timed out
2026-05-29 13:53:54,096 [ERROR] [R-UDP] Loop error: timed out
2026-05-29 13:53:57,101 [ERROR] [R-UDP] Loop error: timed out
2026-05-29 13:54:00,106 [ERROR] [R-UDP] Loop error: timed out
2026-05-29 13:54:03,111 [ERROR] [R-UDP] Loop error: timed out
2026-05-29 13:54:06,116 [ERROR] [R-UDP] Loop error: timed out
2026-05-29 13:54:09,121 [ERROR] [R-UDP] Loop error: timed out
2026-05-29 13:54:12,126 [ERROR] [R-UDP] Loop error: timed out
2026-05-29 13:54:15,133 [ERROR] [R-UDP] Loop error: timed out
2026-05-29 13:54:18,033 [ERROR] [R-UDP] Loop error: timed out
2026-05-29 13:54:21,036 [ERROR] [R-UDP] Loop error: timed out
2026-05-29 13:54:24,040 [ERROR] [R-UDP] Loop error: timed out
2026-05-29 13:54:27,044 [ERROR] [R-UDP] Loop error: timed out
2026-05-29 13:54:30,049 [ERROR] [R-UDP] Loop error: timed out
2026-05-29 13:54:33,055 [ERROR] [R-UDP] Loop error: timed out
2026-05-29 13:54:36,064 [ERROR] [R-UDP] Loop error: timed out
2026-05-29 13:54:39,076 [ERROR] [R-UDP] Loop error: timed out
2026-05-29 13:54:42,079 [ERROR] [R-UDP] Loop error: timed out
2026-05-29 13:54:45,084 [ERROR] [R-UDP] Loop error: timed out
2026-05-29 13:54:47,987 [ERROR] [R-UDP] Loop error: timed out
2026-05-29 13:54:50,991 [ERROR] [R-UDP] Loop error: timed out
2026-05-29 13:54:53,995 [ERROR] [R-UDP] Loop error: timed out
2026-05-29 13:54:57,000 [ERROR] [R-UDP] Loop error: timed out
2026-05-29 13:55:00,004 [ERROR] [R-UDP] Loop error: timed out
2026-05-29 13:55:03,010 [ERROR] [R-UDP] Loop error: timed out
2026-05-29 13:55:06,019 [ERROR] [R-UDP] Loop error: timed out
2026-05-29 13:55:09,027 [ERROR] [R-UDP] Loop error: timed out
2026-05-29 13:55:12,032 [ERROR] [R-UDP] Loop error: timed out
2026-05-29 13:55:15,040 [ERROR] [R-UDP] Loop error: timed out
2026-05-29 13:55:17,932 [ERROR] [R-UDP] Loop error: timed out
2026-05-29 13:55:20,936 [ERROR] [R-UDP] Loop error: timed out
2026-05-29 13:55:23,941 [ERROR] [R-UDP] Loop error: timed out
2026-05-29 13:55:26,944 [ERROR] [R-UDP] Loop error: timed out
2026-05-29 13:55:29,949 [ERROR] [R-UDP] Loop error: timed out
2026-05-29 13:55:32,954 [ERROR] [R-UDP] Loop error: timed out
2026-05-29 13:55:35,961 [ERROR] [R-UDP] Loop error: timed out
2026-05-29 13:55:38,964 [ERROR] [R-UDP] Loop error: timed out
2026-05-29 13:55:41,965 [ERROR] [R-UDP] Loop error: timed out
2026-05-29 13:55:44,968 [ERROR] [R-UDP] Loop error: timed out
2026-05-29 13:55:47,869 [ERROR] [R-UDP] Loop error: timed out
2026-05-29 13:55:50,873 [ERROR] [R-UDP] Loop error: timed out
2026-05-29 13:55:53,877 [ERROR] [R-UDP] Loop error: timed out
2026-05-29 13:55:56,882 [ERROR] [R-UDP] Loop error: timed out
2026-05-29 13:55:59,889 [ERROR] [R-UDP] Loop error: timed out
2026-05-29 13:56:02,893 [ERROR] [R-UDP] Loop error: timed out
2026-05-29 13:56:05,897 [ERROR] [R-UDP] Loop error: timed out
2026-05-29 13:56:08,902 [ERROR] [R-UDP] Loop error: timed out
2026-05-29 13:56:11,907 [ERROR] [R-UDP] Loop error: timed out
2026-05-29 13:56:14,915 [ERROR] [R-UDP] Loop error: timed out
2026-05-29 13:56:17,817 [ERROR] [R-UDP] Loop error: timed out
2026-05-29 13:56:20,820 [ERROR] [R-UDP] Loop error: timed out
2026-05-29 13:56:23,825 [ERROR] [R-UDP] Loop error: timed out
2026-05-29 13:56:26,831 [ERROR] [R-UDP] Loop error: timed out
2026-05-29 13:56:29,837 [ERROR] [R-UDP] Loop error: timed out
2026-05-29 13:56:32,844 [ERROR] [R-UDP] Loop error: timed out
2026-05-29 13:56:35,851 [ERROR] [R-UDP] Loop error: timed out
2026-05-29 13:56:38,855 [ERROR] [R-UDP] Loop error: timed out
2026-05-29 13:56:41,859 [ERROR] [R-UDP] Loop error: timed out
2026-05-29 13:56:44,864 [ERROR] [R-UDP] Loop error: timed out
2026-05-29 13:56:47,760 [ERROR] [R-UDP] Loop error: timed out
2026-05-29 13:56:50,763 [ERROR] [R-UDP] Loop error: timed out
2026-05-29 13:56:53,767 [ERROR] [R-UDP] Loop error: timed out
2026-05-29 13:56:56,771 [ERROR] [R-UDP] Loop error: timed out
2026-05-29 13:56:59,777 [ERROR] [R-UDP] Loop error: timed out
2026-05-29 13:57:02,782 [ERROR] [R-UDP] Loop error: timed out
2026-05-29 13:57:05,787 [ERROR] [R-UDP] Loop error: timed out
2026-05-29 13:57:08,794 [ERROR] [R-UDP] Loop error: timed out
2026-05-29 13:57:11,797 [ERROR] [R-UDP] Loop error: timed out
2026-05-29 13:57:14,804 [ERROR] [R-UDP] Loop error: timed out
2026-05-29 13:57:17,702 [ERROR] [R-UDP] Loop error: timed out
2026-05-29 13:57:20,704 [ERROR] [R-UDP] Loop error: timed out
2026-05-29 13:57:23,708 [ERROR] [R-UDP] Loop error: timed out
2026-05-29 13:57:26,713 [ERROR] [R-UDP] Loop error: timed out
2026-05-29 13:57:29,717 [ERROR] [R-UDP] Loop error: timed out
2026-05-29 13:57:32,723 [ERROR] [R-UDP] Loop error: timed out
2026-05-29 13:57:35,735 [ERROR] [R-UDP] Loop error: timed out
2026-05-29 13:57:38,744 [ERROR] [R-UDP] Loop error: timed out
2026-05-29 13:57:41,750 [ERROR] [R-UDP] Loop error: timed out
2026-05-29 13:57:44,756 [ERROR] [R-UDP] Loop error: timed out
2026-05-29 13:57:47,660 [ERROR] [R-UDP] Loop error: timed out
2026-05-29 13:57:50,664 [ERROR] [R-UDP] Loop error: timed out
2026-05-29 13:57:53,666 [ERROR] [R-UDP] Loop error: timed out
2026-05-29 13:57:56,671 [ERROR] [R-UDP] Loop error: timed out
2026-05-29 13:57:59,675 [ERROR] [R-UDP] Loop error: timed out
2026-05-29 13:58:02,680 [ERROR] [R-UDP] Loop error: timed out
2026-05-29 13:58:05,686 [ERROR] [R-UDP] Loop error: timed out
2026-05-29 13:58:08,693 [ERROR] [R-UDP] Loop error: timed out
2026-05-29 13:58:11,699 [ERROR] [R-UDP] Loop error: timed out
2026-05-29 13:58:14,704 [ERROR] [R-UDP] Loop error: timed out
2026-05-29 13:58:17,601 [ERROR] [R-UDP] Loop error: timed out
2026-05-29 13:58:20,605 [ERROR] [R-UDP] Loop error: timed out
2026-05-29 13:58:23,610 [ERROR] [R-UDP] Loop error: timed out
2026-05-29 13:58:26,615 [ERROR] [R-UDP] Loop error: timed out
2026-05-29 13:58:29,623 [ERROR] [R-UDP] Loop error: timed out
2026-05-29 13:58:32,628 [ERROR] [R-UDP] Loop error: timed out
2026-05-29 13:58:35,633 [ERROR] [R-UDP] Loop error: timed out
2026-05-29 13:58:38,637 [ERROR] [R-UDP] Loop error: timed out
2026-05-29 13:58:41,643 [ERROR] [R-UDP] Loop error: timed out
2026-05-29 13:58:44,647 [ERROR] [R-UDP] Loop error: timed out
2026-05-29 13:58:47,544 [ERROR] [R-UDP] Loop error: timed out
2026-05-29 13:58:50,547 [ERROR] [R-UDP] Loop error: timed out
2026-05-29 13:58:53,552 [ERROR] [R-UDP] Loop error: timed out
2026-05-29 13:58:56,557 [ERROR] [R-UDP] Loop error: timed out
2026-05-29 13:58:59,562 [ERROR] [R-UDP] Loop error: timed out
2026-05-29 13:59:02,568 [ERROR] [R-UDP] Loop error: timed out
2026-05-29 13:59:05,574 [ERROR] [R-UDP] Loop error: timed out
2026-05-29 13:59:08,580 [ERROR] [R-UDP] Loop error: timed out
2026-05-29 13:59:11,587 [ERROR] [R-UDP] Loop error: timed out
2026-05-29 13:59:14,591 [ERROR] [R-UDP] Loop error: timed out
2026-05-29 13:59:17,488 [ERROR] [R-UDP] Loop error: timed out
2026-05-29 13:59:20,492 [ERROR] [R-UDP] Loop error: timed out
2026-05-29 13:59:23,497 [ERROR] [R-UDP] Loop error: timed out
2026-05-29 13:59:26,501 [ERROR] [R-UDP] Loop error: timed out
2026-05-29 13:59:27,350 [INFO] [TCP] Done: {'protocol': 'TCP', 'bytes_received': 10485760, 'elapsed_sec': 469.45, 'throughput_mbps': 0.1787, 'auth': '20261005083:Luiz Nelson dos Santos Lima'}
2026-05-29 13:59:29,505 [ERROR] [R-UDP] Loop error: timed out
2026-05-29 13:59:32,509 [ERROR] [R-UDP] Loop error: timed out
2026-05-29 13:59:35,513 [ERROR] [R-UDP] Loop error: timed out
2026-05-29 13:59:36,253 [INFO] [R-UDP] Transfer from ('172.20.0.20', 48987) | Auth: 20261005083:Luiz Nelson dos Santos Lima | Size: 10485760
2026-05-29 14:07:22,364 [INFO] [R-UDP] FIN received (seq=10241)
2026-05-29 14:07:22,365 [INFO] [R-UDP] Done: {'protocol': 'R-UDP', 'bytes_received': 0, 'elapsed_sec': 467.5955, 'throughput_mbps': 0.0, 'corrupt_packets': 0, 'auth': '20261005083:Luiz Nelson dos Santos Lima'}
2026-05-29 14:07:25,568 [ERROR] [R-UDP] Loop error: timed out
2026-05-29 14:07:28,572 [ERROR] [R-UDP] Loop error: timed out
2026-05-29 14:07:31,579 [ERROR] [R-UDP] Loop error: timed out
2026-05-29 14:07:34,583 [ERROR] [R-UDP] Loop error: timed out
2026-05-29 14:07:37,588 [ERROR] [R-UDP] Loop error: timed out
2026-05-29 14:07:40,593 [ERROR] [R-UDP] Loop error: timed out
2026-05-29 14:07:43,498 [ERROR] [R-UDP] Loop error: timed out
2026-05-29 14:07:46,500 [ERROR] [R-UDP] Loop error: timed out
2026-05-29 14:07:49,502 [ERROR] [R-UDP] Loop error: timed out
2026-05-29 14:07:52,507 [ERROR] [R-UDP] Loop error: timed out
2026-05-29 14:07:55,513 [ERROR] [R-UDP] Loop error: timed out
2026-05-29 14:07:58,518 [ERROR] [R-UDP] Loop error: timed out
2026-05-29 14:08:01,522 [ERROR] [R-UDP] Loop error: timed out
2026-05-29 14:08:04,527 [ERROR] [R-UDP] Loop error: timed out
2026-05-29 14:08:07,533 [ERROR] [R-UDP] Loop error: timed out
2026-05-29 14:08:10,538 [ERROR] [R-UDP] Loop error: timed out
2026-05-29 14:08:13,440 [ERROR] [R-UDP] Loop error: timed out
2026-05-29 14:08:16,442 [ERROR] [R-UDP] Loop error: timed out
2026-05-29 14:08:19,447 [ERROR] [R-UDP] Loop error: timed out
2026-05-29 14:08:22,452 [ERROR] [R-UDP] Loop error: timed out
2026-05-29 14:08:25,458 [ERROR] [R-UDP] Loop error: timed out
2026-05-29 14:08:28,462 [ERROR] [R-UDP] Loop error: timed out
2026-05-29 14:08:31,472 [ERROR] [R-UDP] Loop error: timed out
2026-05-29 14:08:34,476 [ERROR] [R-UDP] Loop error: timed out
2026-05-29 14:08:37,485 [ERROR] [R-UDP] Loop error: timed out
2026-05-29 14:08:40,498 [ERROR] [R-UDP] Loop error: timed out
2026-05-29 14:08:43,403 [ERROR] [R-UDP] Loop error: timed out
2026-05-29 14:08:46,408 [ERROR] [R-UDP] Loop error: timed out
2026-05-29 14:08:49,412 [ERROR] [R-UDP] Loop error: timed out
2026-05-29 14:08:52,416 [ERROR] [R-UDP] Loop error: timed out
2026-05-29 14:08:55,420 [ERROR] [R-UDP] Loop error: timed out
2026-05-29 14:08:58,428 [ERROR] [R-UDP] Loop error: timed out
2026-05-29 14:09:01,437 [ERROR] [R-UDP] Loop error: timed out
2026-05-29 14:09:04,442 [ERROR] [R-UDP] Loop error: timed out
2026-05-29 14:09:07,447 [ERROR] [R-UDP] Loop error: timed out
2026-05-29 14:09:10,457 [ERROR] [R-UDP] Loop error: timed out
2026-05-29 14:09:13,361 [ERROR] [R-UDP] Loop error: timed out
2026-05-29 14:09:16,365 [ERROR] [R-UDP] Loop error: timed out
2026-05-29 14:09:19,369 [ERROR] [R-UDP] Loop error: timed out
2026-05-29 14:09:22,373 [ERROR] [R-UDP] Loop error: timed out
2026-05-29 14:09:25,379 [ERROR] [R-UDP] Loop error: timed out
2026-05-29 14:09:28,390 [ERROR] [R-UDP] Loop error: timed out
2026-05-29 14:09:31,395 [ERROR] [R-UDP] Loop error: timed out
2026-05-29 14:09:34,400 [ERROR] [R-UDP] Loop error: timed out
2026-05-29 14:09:37,405 [ERROR] [R-UDP] Loop error: timed out
2026-05-29 14:09:40,412 [ERROR] [R-UDP] Loop error: timed out
2026-05-29 14:09:43,319 [ERROR] [R-UDP] Loop error: timed out
2026-05-29 14:09:46,339 [ERROR] [R-UDP] Loop error: timed out
2026-05-29 14:09:49,362 [ERROR] [R-UDP] Loop error: timed out
2026-05-29 14:09:52,364 [ERROR] [R-UDP] Loop error: timed out
2026-05-29 14:09:55,369 [ERROR] [R-UDP] Loop error: timed out
2026-05-29 14:09:58,383 [ERROR] [R-UDP] Loop error: timed out
2026-05-29 14:10:01,386 [ERROR] [R-UDP] Loop error: timed out
2026-05-29 14:10:04,390 [ERROR] [R-UDP] Loop error: timed out
2026-05-29 14:10:07,395 [ERROR] [R-UDP] Loop error: timed out
2026-05-29 14:10:10,399 [ERROR] [R-UDP] Loop error: timed out
2026-05-29 14:10:13,404 [ERROR] [R-UDP] Loop error: timed out
2026-05-29 14:10:16,408 [ERROR] [R-UDP] Loop error: timed out
2026-05-29 14:10:19,410 [ERROR] [R-UDP] Loop error: timed out
2026-05-29 14:10:22,415 [ERROR] [R-UDP] Loop error: timed out
2026-05-29 14:10:25,419 [ERROR] [R-UDP] Loop error: timed out
2026-05-29 14:10:28,430 [ERROR] [R-UDP] Loop error: timed out
2026-05-29 14:10:31,436 [ERROR] [R-UDP] Loop error: timed out
2026-05-29 14:10:34,442 [ERROR] [R-UDP] Loop error: timed out
2026-05-29 14:10:37,448 [ERROR] [R-UDP] Loop error: timed out
2026-05-29 14:10:40,454 [ERROR] [R-UDP] Loop error: timed out
2026-05-29 14:10:43,361 [ERROR] [R-UDP] Loop error: timed out
2026-05-29 14:10:46,366 [ERROR] [R-UDP] Loop error: timed out
2026-05-29 14:10:49,371 [ERROR] [R-UDP] Loop error: timed out
2026-05-29 14:10:52,375 [ERROR] [R-UDP] Loop error: timed out
2026-05-29 14:10:55,378 [ERROR] [R-UDP] Loop error: timed out
2026-05-29 14:10:58,385 [ERROR] [R-UDP] Loop error: timed out
2026-05-29 14:11:01,389 [ERROR] [R-UDP] Loop error: timed out
2026-05-29 14:11:04,390 [ERROR] [R-UDP] Loop error: timed out
2026-05-29 14:11:07,395 [ERROR] [R-UDP] Loop error: timed out
2026-05-29 14:11:10,417 [ERROR] [R-UDP] Loop error: timed out
2026-05-29 14:11:13,326 [ERROR] [R-UDP] Loop error: timed out
2026-05-29 14:11:16,330 [ERROR] [R-UDP] Loop error: timed out
2026-05-29 14:11:19,334 [ERROR] [R-UDP] Loop error: timed out
2026-05-29 14:11:22,338 [ERROR] [R-UDP] Loop error: timed out
2026-05-29 14:11:25,345 [ERROR] [R-UDP] Loop error: timed out
2026-05-29 14:11:28,356 [ERROR] [R-UDP] Loop error: timed out
2026-05-29 14:11:31,360 [ERROR] [R-UDP] Loop error: timed out
2026-05-29 14:11:34,368 [ERROR] [R-UDP] Loop error: timed out
2026-05-29 14:11:37,374 [ERROR] [R-UDP] Loop error: timed out
2026-05-29 14:11:40,379 [ERROR] [R-UDP] Loop error: timed out
2026-05-29 14:11:43,288 [ERROR] [R-UDP] Loop error: timed out
2026-05-29 14:11:46,292 [ERROR] [R-UDP] Loop error: timed out
2026-05-29 14:11:49,295 [ERROR] [R-UDP] Loop error: timed out
2026-05-29 14:11:52,300 [ERROR] [R-UDP] Loop error: timed out
2026-05-29 14:11:55,306 [ERROR] [R-UDP] Loop error: timed out
2026-05-29 14:11:58,313 [ERROR] [R-UDP] Loop error: timed out
2026-05-29 14:12:01,321 [ERROR] [R-UDP] Loop error: timed out
2026-05-29 14:12:04,329 [ERROR] [R-UDP] Loop error: timed out
2026-05-29 14:12:07,337 [ERROR] [R-UDP] Loop error: timed out
2026-05-29 14:12:10,343 [ERROR] [R-UDP] Loop error: timed out
2026-05-29 14:12:13,248 [ERROR] [R-UDP] Loop error: timed out
2026-05-29 14:12:16,252 [ERROR] [R-UDP] Loop error: timed out
2026-05-29 14:12:19,255 [ERROR] [R-UDP] Loop error: timed out
2026-05-29 14:12:22,260 [ERROR] [R-UDP] Loop error: timed out
2026-05-29 14:12:25,266 [ERROR] [R-UDP] Loop error: timed out
2026-05-29 14:12:28,272 [ERROR] [R-UDP] Loop error: timed out
2026-05-29 14:12:31,277 [ERROR] [R-UDP] Loop error: timed out
2026-05-29 14:12:34,281 [ERROR] [R-UDP] Loop error: timed out
2026-05-29 14:12:37,293 [ERROR] [R-UDP] Loop error: timed out
2026-05-29 14:12:40,306 [ERROR] [R-UDP] Loop error: timed out
2026-05-29 14:12:43,208 [ERROR] [R-UDP] Loop error: timed out
